{"/home/oceanvs/KOVA V4/Etheral_Depth/app/layout.tsx": {"path":"/home/oceanvs/KOVA V4/Etheral_Depth/app/layout.tsx","statementMap":{"0":{"start":{"line":10,"column":24},"end":{"line":10,"column":35}},"1":{"start":{"line":4,"column":13},"end":{"line":4,"column":21}},"2":{"start":{"line":2,"column":7},"end":{"line":2,"column":null}},"3":{"start":{"line":4,"column":34},"end":{"line":8,"column":null}}},"fnMap":{"0":{"name":"RootLayout","decl":{"start":{"line":10,"column":24},"end":{"line":10,"column":35}},"loc":{"start":{"line":14,"column":2},"end":{"line":20,"column":1}}}},"branchMap":{},"s":{"0":0,"1":0,"2":0,"3":0},"f":{"0":0},"b":{}}
,"/home/oceanvs/KOVA V4/Etheral_Depth/app/page.tsx": {"path":"/home/oceanvs/KOVA V4/Etheral_Depth/app/page.tsx","statementMap":{"0":{"start":{"line":3,"column":24},"end":{"line":3,"column":null}},"1":{"start":{"line":1,"column":30},"end":{"line":1,"column":null}}},"fnMap":{"0":{"name":"Home","decl":{"start":{"line":3,"column":24},"end":{"line":3,"column":null}},"loc":{"start":{"line":3,"column":24},"end":{"line":20,"column":null}}}},"branchMap":{},"s":{"0":0,"1":0},"f":{"0":0},"b":{}}
,"/home/oceanvs/KOVA V4/Etheral_Depth/components/theme-provider.tsx": {"path":"/home/oceanvs/KOVA V4/Etheral_Depth/components/theme-provider.tsx","statementMap":{"0":{"start":{"line":9,"column":16},"end":{"line":9,"column":30}},"1":{"start":{"line":3,"column":23},"end":{"line":3,"column":null}},"2":{"start":{"line":7,"column":7},"end":{"line":7,"column":null}}},"fnMap":{"0":{"name":"ThemeProvider","decl":{"start":{"line":9,"column":16},"end":{"line":9,"column":30}},"loc":{"start":{"line":9,"column":72},"end":{"line":11,"column":null}}}},"branchMap":{},"s":{"0":0,"1":0,"2":0},"f":{"0":0},"b":{}}
,"/home/oceanvs/KOVA V4/Etheral_Depth/components/ui/accordion.tsx": {"path":"/home/oceanvs/KOVA V4/Etheral_Depth/components/ui/accordion.tsx","statementMap":{"0":{"start":{"line":58,"column":9},"end":{"line":58,"column":18}},"1":{"start":{"line":58,"column":53},"end":{"line":58,"column":69}},"2":{"start":{"line":58,"column":20},"end":{"line":58,"column":33}},"3":{"start":{"line":58,"column":35},"end":{"line":58,"column":51}},"4":{"start":{"line":3,"column":23},"end":{"line":3,"column":null}},"5":{"start":{"line":4,"column":36},"end":{"line":4,"column":null}},"6":{"start":{"line":5,"column":28},"end":{"line":5,"column":null}},"7":{"start":{"line":7,"column":19},"end":{"line":7,"column":null}},"8":{"start":{"line":9,"column":18},"end":{"line":9,"column":41}},"9":{"start":{"line":21,"column":0},"end":{"line":21,"column":null}},"10":{"start":{"line":41,"column":0},"end":{"line":41,"column":null}},"11":{"start":{"line":56,"column":0},"end":{"line":56,"column":null}}},"fnMap":{},"branchMap":{},"s":{"0":0,"1":0,"2":0,"3":0,"4":0,"5":0,"6":0,"7":0,"8":0,"9":0,"10":0,"11":0},"f":{},"b":{}}
,"/home/oceanvs/KOVA V4/Etheral_Depth/components/ui/alert-dialog.tsx": {"path":"/home/oceanvs/KOVA V4/Etheral_Depth/components/ui/alert-dialog.tsx","statementMap":{"0":{"start":{"line":130,"column":2},"end":{"line":130,"column":13}},"1":{"start":{"line":139,"column":2},"end":{"line":139,"column":19}},"2":{"start":{"line":140,"column":2},"end":{"line":140,"column":19}},"3":{"start":{"line":134,"column":2},"end":{"line":134,"column":20}},"4":{"start":{"line":138,"column":2},"end":{"line":138,"column":24}},"5":{"start":{"line":136,"column":2},"end":{"line":136,"column":19}},"6":{"start":{"line":135,"column":2},"end":{"line":135,"column":19}},"7":{"start":{"line":132,"column":2},"end":{"line":132,"column":20}},"8":{"start":{"line":131,"column":2},"end":{"line":131,"column":19}},"9":{"start":{"line":137,"column":2},"end":{"line":137,"column":18}},"10":{"start":{"line":133,"column":2},"end":{"line":133,"column":20}},"11":{"start":{"line":3,"column":23},"end":{"line":3,"column":null}},"12":{"start":{"line":4,"column":38},"end":{"line":4,"column":null}},"13":{"start":{"line":6,"column":19},"end":{"line":6,"column":null}},"14":{"start":{"line":7,"column":31},"end":{"line":7,"column":null}},"15":{"start":{"line":9,"column":20},"end":{"line":9,"column":45}},"16":{"start":{"line":11,"column":27},"end":{"line":11,"column":55}},"17":{"start":{"line":13,"column":26},"end":{"line":13,"column":53}},"18":{"start":{"line":28,"column":0},"end":{"line":28,"column":null}},"19":{"start":{"line":46,"column":0},"end":{"line":46,"column":null}},"20":{"start":{"line":60,"column":0},"end":{"line":60,"column":null}},"21":{"start":{"line":74,"column":0},"end":{"line":74,"column":null}},"22":{"start":{"line":86,"column":0},"end":{"line":86,"column":null}},"23":{"start":{"line":98,"column":0},"end":{"line":99,"column":null}},"24":{"start":{"line":111,"column":0},"end":{"line":111,"column":null}},"25":{"start":{"line":127,"column":0},"end":{"line":127,"column":null}}},"fnMap":{},"branchMap":{},"s":{"0":0,"1":0,"2":0,"3":0,"4":0,"5":0,"6":0,"7":0,"8":0,"9":0,"10":0,"11":0,"12":0,"13":0,"14":0,"15":0,"16":0,"17":0,"18":0,"19":0,"20":0,"21":0,"22":0,"23":0,"24":0,"25":0},"f":{},"b":{}}
,"/home/oceanvs/KOVA V4/Etheral_Depth/components/ui/alert.tsx": {"path":"/home/oceanvs/KOVA V4/Etheral_Depth/components/ui/alert.tsx","statementMap":{"0":{"start":{"line":59,"column":9},"end":{"line":59,"column":14}},"1":{"start":{"line":59,"column":28},"end":{"line":59,"column":44}},"2":{"start":{"line":59,"column":16},"end":{"line":59,"column":26}},"3":{"start":{"line":1,"column":23},"end":{"line":1,"column":null}},"4":{"start":{"line":2,"column":39},"end":{"line":2,"column":null}},"5":{"start":{"line":4,"column":19},"end":{"line":4,"column":null}},"6":{"start":{"line":6,"column":22},"end":{"line":19,"column":null}},"7":{"start":{"line":33,"column":0},"end":{"line":33,"column":null}},"8":{"start":{"line":45,"column":0},"end":{"line":45,"column":null}},"9":{"start":{"line":57,"column":0},"end":{"line":57,"column":null}}},"fnMap":{},"branchMap":{},"s":{"0":0,"1":0,"2":0,"3":0,"4":0,"5":0,"6":0,"7":0,"8":0,"9":0},"f":{},"b":{}}
,"/home/oceanvs/KOVA V4/Etheral_Depth/components/ui/aspect-ratio.tsx": {"path":"/home/oceanvs/KOVA V4/Etheral_Depth/components/ui/aspect-ratio.tsx","statementMap":{"0":{"start":{"line":7,"column":9},"end":{"line":7,"column":null}},"1":{"start":{"line":3,"column":38},"end":{"line":3,"column":null}},"2":{"start":{"line":5,"column":20},"end":{"line":5,"column":45}}},"fnMap":{},"branchMap":{},"s":{"0":0,"1":0,"2":0},"f":{},"b":{}}
,"/home/oceanvs/KOVA V4/Etheral_Depth/components/ui/avatar.tsx": {"path":"/home/oceanvs/KOVA V4/Etheral_Depth/components/ui/avatar.tsx","statementMap":{"0":{"start":{"line":50,"column":9},"end":{"line":50,"column":15}},"1":{"start":{"line":50,"column":30},"end":{"line":50,"column":44}},"2":{"start":{"line":50,"column":17},"end":{"line":50,"column":28}},"3":{"start":{"line":3,"column":23},"end":{"line":3,"column":null}},"4":{"start":{"line":4,"column":33},"end":{"line":4,"column":null}},"5":{"start":{"line":6,"column":19},"end":{"line":6,"column":null}},"6":{"start":{"line":21,"column":0},"end":{"line":21,"column":null}},"7":{"start":{"line":33,"column":0},"end":{"line":33,"column":null}},"8":{"start":{"line":48,"column":0},"end":{"line":48,"column":null}}},"fnMap":{},"branchMap":{},"s":{"0":0,"1":0,"2":0,"3":0,"4":0,"5":0,"6":0,"7":0,"8":0},"f":{},"b":{}}
,"/home/oceanvs/KOVA V4/Etheral_Depth/components/ui/badge.tsx": {"path":"/home/oceanvs/KOVA V4/Etheral_Depth/components/ui/badge.tsx","statementMap":{"0":{"start":{"line":36,"column":9},"end":{"line":36,"column":14}},"1":{"start":{"line":36,"column":16},"end":{"line":36,"column":29}},"2":{"start":{"line":1,"column":23},"end":{"line":1,"column":null}},"3":{"start":{"line":2,"column":39},"end":{"line":2,"column":null}},"4":{"start":{"line":4,"column":19},"end":{"line":4,"column":null}},"5":{"start":{"line":6,"column":22},"end":{"line":23,"column":null}}},"fnMap":{"0":{"name":"Badge","decl":{"start":{"line":30,"column":9},"end":{"line":30,"column":15}},"loc":{"start":{"line":30,"column":59},"end":{"line":34,"column":null}}}},"branchMap":{},"s":{"0":0,"1":0,"2":0,"3":0,"4":0,"5":0},"f":{"0":0},"b":{}}
,"/home/oceanvs/KOVA V4/Etheral_Depth/components/ui/breadcrumb.tsx": {"path":"/home/oceanvs/KOVA V4/Etheral_Depth/components/ui/breadcrumb.tsx","statementMap":{"0":{"start":{"line":108,"column":2},"end":{"line":108,"column":12}},"1":{"start":{"line":114,"column":2},"end":{"line":114,"column":20}},"2":{"start":{"line":110,"column":2},"end":{"line":110,"column":16}},"3":{"start":{"line":111,"column":2},"end":{"line":111,"column":16}},"4":{"start":{"line":109,"column":2},"end":{"line":109,"column":16}},"5":{"start":{"line":112,"column":2},"end":{"line":112,"column":16}},"6":{"start":{"line":113,"column":2},"end":{"line":113,"column":21}},"7":{"start":{"line":1,"column":23},"end":{"line":1,"column":null}},"8":{"start":{"line":2,"column":21},"end":{"line":2,"column":null}},"9":{"start":{"line":3,"column":45},"end":{"line":3,"column":null}},"10":{"start":{"line":5,"column":19},"end":{"line":5,"column":null}},"11":{"start":{"line":13,"column":0},"end":{"line":13,"column":null}},"12":{"start":{"line":28,"column":0},"end":{"line":28,"column":null}},"13":{"start":{"line":40,"column":0},"end":{"line":40,"column":null}},"14":{"start":{"line":42,"column":23},"end":{"line":57,"column":null}},"15":{"start":{"line":48,"column":15},"end":{"line":48,"column":null}},"16":{"start":{"line":58,"column":0},"end":{"line":58,"column":null}},"17":{"start":{"line":73,"column":0},"end":{"line":73,"column":null}},"18":{"start":{"line":89,"column":0},"end":{"line":89,"column":null}},"19":{"start":{"line":105,"column":0},"end":{"line":105,"column":null}}},"fnMap":{"0":{"name":"(anonymous_14)","decl":{"start":{"line":47,"column":2},"end":{"line":47,"column":3}},"loc":{"start":{"line":47,"column":37},"end":{"line":57,"column":null}}}},"branchMap":{"0":{"loc":{"start":{"line":48,"column":15},"end":{"line":48,"column":null}},"type":"cond-expr","locations":[{"start":{"line":48,"column":25},"end":{"line":48,"column":29}},{"start":{"line":48,"column":32},"end":{"line":48,"column":null}}]},"1":{"loc":{"start":{"line":86,"column":5},"end":{"line":86,"column":null}},"type":"binary-expr","locations":[{"start":{"line":86,"column":5},"end":{"line":86,"column":17}},{"start":{"line":86,"column":17},"end":{"line":86,"column":null}}]}},"s":{"0":0,"1":0,"2":0,"3":0,"4":0,"5":0,"6":0,"7":0,"8":0,"9":0,"10":0,"11":0,"12":0,"13":0,"14":0,"15":0,"16":0,"17":0,"18":0,"19":0},"f":{"0":0},"b":{"0":[0,0],"1":[0,0]}}
,"/home/oceanvs/KOVA V4/Etheral_Depth/components/ui/button.tsx": {"path":"/home/oceanvs/KOVA V4/Etheral_Depth/components/ui/button.tsx","statementMap":{"0":{"start":{"line":56,"column":9},"end":{"line":56,"column":15}},"1":{"start":{"line":56,"column":17},"end":{"line":56,"column":31}},"2":{"start":{"line":1,"column":23},"end":{"line":1,"column":null}},"3":{"start":{"line":2,"column":21},"end":{"line":2,"column":null}},"4":{"start":{"line":3,"column":39},"end":{"line":3,"column":null}},"5":{"start":{"line":5,"column":19},"end":{"line":5,"column":null}},"6":{"start":{"line":7,"column":23},"end":{"line":33,"column":null}},"7":{"start":{"line":42,"column":15},"end":{"line":52,"column":null}},"8":{"start":{"line":44,"column":17},"end":{"line":44,"column":null}},"9":{"start":{"line":54,"column":0},"end":{"line":54,"column":null}}},"fnMap":{"0":{"name":"(anonymous_6)","decl":{"start":{"line":43,"column":2},"end":{"line":43,"column":3}},"loc":{"start":{"line":43,"column":60},"end":{"line":52,"column":null}}}},"branchMap":{"0":{"loc":{"start":{"line":43,"column":31},"end":{"line":43,"column":46}},"type":"default-arg","locations":[{"start":{"line":43,"column":41},"end":{"line":43,"column":46}}]},"1":{"loc":{"start":{"line":44,"column":17},"end":{"line":44,"column":null}},"type":"cond-expr","locations":[{"start":{"line":44,"column":27},"end":{"line":44,"column":31}},{"start":{"line":44,"column":34},"end":{"line":44,"column":null}}]}},"s":{"0":0,"1":0,"2":0,"3":0,"4":0,"5":0,"6":0,"7":0,"8":0,"9":0},"f":{"0":0},"b":{"0":[0],"1":[0,0]}}
,"/home/oceanvs/KOVA V4/Etheral_Depth/components/ui/calendar.tsx": {"path":"/home/oceanvs/KOVA V4/Etheral_Depth/components/ui/calendar.tsx","statementMap":{"0":{"start":{"line":66,"column":9},"end":{"line":66,"column":null}},"1":{"start":{"line":3,"column":23},"end":{"line":3,"column":null}},"2":{"start":{"line":4,"column":42},"end":{"line":4,"column":null}},"3":{"start":{"line":5,"column":26},"end":{"line":5,"column":null}},"4":{"start":{"line":7,"column":19},"end":{"line":7,"column":null}},"5":{"start":{"line":8,"column":31},"end":{"line":8,"column":null}},"6":{"start":{"line":64,"column":0},"end":{"line":64,"column":null}}},"fnMap":{"0":{"name":"Calendar","decl":{"start":{"line":12,"column":9},"end":{"line":12,"column":18}},"loc":{"start":{"line":17,"column":16},"end":{"line":63,"column":null}}}},"branchMap":{"0":{"loc":{"start":{"line":15,"column":2},"end":{"line":15,"column":24}},"type":"default-arg","locations":[{"start":{"line":15,"column":20},"end":{"line":15,"column":24}}]}},"s":{"0":0,"1":0,"2":0,"3":0,"4":0,"5":0,"6":0},"f":{"0":0},"b":{"0":[0]}}
,"/home/oceanvs/KOVA V4/Etheral_Depth/components/ui/card.tsx": {"path":"/home/oceanvs/KOVA V4/Etheral_Depth/components/ui/card.tsx","statementMap":{"0":{"start":{"line":79,"column":9},"end":{"line":79,"column":13}},"1":{"start":{"line":79,"column":67},"end":{"line":79,"column":78}},"2":{"start":{"line":79,"column":50},"end":{"line":79,"column":65}},"3":{"start":{"line":79,"column":27},"end":{"line":79,"column":37}},"4":{"start":{"line":79,"column":15},"end":{"line":79,"column":25}},"5":{"start":{"line":79,"column":39},"end":{"line":79,"column":48}},"6":{"start":{"line":1,"column":23},"end":{"line":1,"column":null}},"7":{"start":{"line":3,"column":19},"end":{"line":3,"column":null}},"8":{"start":{"line":18,"column":0},"end":{"line":18,"column":null}},"9":{"start":{"line":30,"column":0},"end":{"line":30,"column":null}},"10":{"start":{"line":45,"column":0},"end":{"line":45,"column":null}},"11":{"start":{"line":57,"column":0},"end":{"line":57,"column":null}},"12":{"start":{"line":65,"column":0},"end":{"line":65,"column":null}},"13":{"start":{"line":77,"column":0},"end":{"line":77,"column":null}}},"fnMap":{},"branchMap":{},"s":{"0":0,"1":0,"2":0,"3":0,"4":0,"5":0,"6":0,"7":0,"8":0,"9":0,"10":0,"11":0,"12":0,"13":0},"f":{},"b":{}}
,"/home/oceanvs/KOVA V4/Etheral_Depth/components/ui/carousel.tsx": {"path":"/home/oceanvs/KOVA V4/Etheral_Depth/components/ui/carousel.tsx","statementMap":{"0":{"start":{"line":257,"column":2},"end":{"line":257,"column":10}},"1":{"start":{"line":258,"column":2},"end":{"line":258,"column":17}},"2":{"start":{"line":259,"column":2},"end":{"line":259,"column":14}},"3":{"start":{"line":261,"column":2},"end":{"line":261,"column":14}},"4":{"start":{"line":260,"column":2},"end":{"line":260,"column":18}},"5":{"start":{"line":3,"column":23},"end":{"line":3,"column":null}},"6":{"start":{"line":6,"column":7},"end":{"line":6,"column":null}},"7":{"start":{"line":7,"column":38},"end":{"line":7,"column":null}},"8":{"start":{"line":9,"column":19},"end":{"line":9,"column":null}},"9":{"start":{"line":10,"column":23},"end":{"line":10,"column":null}},"10":{"start":{"line":33,"column":24},"end":{"line":33,"column":null}},"11":{"start":{"line":36,"column":18},"end":{"line":36,"column":null}},"12":{"start":{"line":38,"column":2},"end":{"line":40,"column":null}},"13":{"start":{"line":39,"column":4},"end":{"line":39,"column":null}},"14":{"start":{"line":42,"column":2},"end":{"line":42,"column":null}},"15":{"start":{"line":45,"column":17},"end":{"line":149,"column":null}},"16":{"start":{"line":61,"column":31},"end":{"line":66,"column":null}},"17":{"start":{"line":68,"column":46},"end":{"line":68,"column":null}},"18":{"start":{"line":69,"column":46},"end":{"line":69,"column":null}},"19":{"start":{"line":71,"column":21},"end":{"line":78,"column":null}},"20":{"start":{"line":72,"column":6},"end":{"line":74,"column":null}},"21":{"start":{"line":73,"column":8},"end":{"line":73,"column":null}},"22":{"start":{"line":76,"column":6},"end":{"line":76,"column":null}},"23":{"start":{"line":77,"column":6},"end":{"line":77,"column":null}},"24":{"start":{"line":80,"column":23},"end":{"line":82,"column":null}},"25":{"start":{"line":81,"column":6},"end":{"line":81,"column":null}},"26":{"start":{"line":84,"column":23},"end":{"line":86,"column":null}},"27":{"start":{"line":85,"column":6},"end":{"line":85,"column":null}},"28":{"start":{"line":88,"column":26},"end":{"line":98,"column":null}},"29":{"start":{"line":90,"column":8},"end":{"line":96,"column":null}},"30":{"start":{"line":91,"column":10},"end":{"line":91,"column":null}},"31":{"start":{"line":92,"column":10},"end":{"line":92,"column":null}},"32":{"start":{"line":93,"column":15},"end":{"line":96,"column":null}},"33":{"start":{"line":94,"column":10},"end":{"line":94,"column":null}},"34":{"start":{"line":95,"column":10},"end":{"line":95,"column":null}},"35":{"start":{"line":101,"column":4},"end":{"line":107,"column":null}},"36":{"start":{"line":102,"column":6},"end":{"line":104,"column":null}},"37":{"start":{"line":103,"column":8},"end":{"line":103,"column":null}},"38":{"start":{"line":106,"column":6},"end":{"line":106,"column":null}},"39":{"start":{"line":109,"column":4},"end":{"line":121,"column":null}},"40":{"start":{"line":110,"column":6},"end":{"line":112,"column":null}},"41":{"start":{"line":111,"column":8},"end":{"line":111,"column":null}},"42":{"start":{"line":114,"column":6},"end":{"line":114,"column":null}},"43":{"start":{"line":115,"column":6},"end":{"line":115,"column":null}},"44":{"start":{"line":116,"column":6},"end":{"line":116,"column":null}},"45":{"start":{"line":118,"column":6},"end":{"line":120,"column":null}},"46":{"start":{"line":119,"column":8},"end":{"line":119,"column":null}},"47":{"start":{"line":151,"column":0},"end":{"line":151,"column":null}},"48":{"start":{"line":153,"column":24},"end":{"line":172,"column":null}},"49":{"start":{"line":157,"column":39},"end":{"line":157,"column":null}},"50":{"start":{"line":173,"column":0},"end":{"line":173,"column":null}},"51":{"start":{"line":175,"column":21},"end":{"line":194,"column":null}},"52":{"start":{"line":179,"column":26},"end":{"line":179,"column":null}},"53":{"start":{"line":195,"column":0},"end":{"line":195,"column":null}},"54":{"start":{"line":197,"column":25},"end":{"line":223,"column":null}},"55":{"start":{"line":201,"column":53},"end":{"line":201,"column":null}},"56":{"start":{"line":224,"column":0},"end":{"line":224,"column":null}},"57":{"start":{"line":226,"column":21},"end":{"line":252,"column":null}},"58":{"start":{"line":230,"column":53},"end":{"line":230,"column":null}},"59":{"start":{"line":253,"column":0},"end":{"line":253,"column":null}}},"fnMap":{"0":{"name":"useCarousel","decl":{"start":{"line":35,"column":9},"end":{"line":35,"column":null}},"loc":{"start":{"line":35,"column":9},"end":{"line":43,"column":null}}},"1":{"name":"(anonymous_11)","decl":{"start":{"line":49,"column":2},"end":{"line":49,"column":null}},"loc":{"start":{"line":59,"column":4},"end":{"line":149,"column":null}}},"2":{"name":"(anonymous_12)","decl":{"start":{"line":71,"column":39},"end":{"line":71,"column":40}},"loc":{"start":{"line":71,"column":40},"end":{"line":78,"column":7}}},"3":{"name":"(anonymous_13)","decl":{"start":{"line":80,"column":41},"end":{"line":80,"column":null}},"loc":{"start":{"line":80,"column":41},"end":{"line":82,"column":7}}},"4":{"name":"(anonymous_14)","decl":{"start":{"line":84,"column":41},"end":{"line":84,"column":null}},"loc":{"start":{"line":84,"column":41},"end":{"line":86,"column":7}}},"5":{"name":"(anonymous_15)","decl":{"start":{"line":89,"column":6},"end":{"line":89,"column":7}},"loc":{"start":{"line":89,"column":7},"end":{"line":97,"column":null}}},"6":{"name":"(anonymous_16)","decl":{"start":{"line":101,"column":20},"end":{"line":101,"column":null}},"loc":{"start":{"line":101,"column":20},"end":{"line":107,"column":7}}},"7":{"name":"(anonymous_17)","decl":{"start":{"line":109,"column":20},"end":{"line":109,"column":null}},"loc":{"start":{"line":109,"column":20},"end":{"line":121,"column":7}}},"8":{"name":"(anonymous_18)","decl":{"start":{"line":118,"column":13},"end":{"line":118,"column":null}},"loc":{"start":{"line":118,"column":13},"end":{"line":120,"column":null}}},"9":{"name":"(anonymous_19)","decl":{"start":{"line":156,"column":2},"end":{"line":156,"column":3}},"loc":{"start":{"line":156,"column":28},"end":{"line":172,"column":null}}},"10":{"name":"(anonymous_20)","decl":{"start":{"line":178,"column":2},"end":{"line":178,"column":3}},"loc":{"start":{"line":178,"column":28},"end":{"line":194,"column":null}}},"11":{"name":"(anonymous_21)","decl":{"start":{"line":200,"column":2},"end":{"line":200,"column":3}},"loc":{"start":{"line":200,"column":64},"end":{"line":223,"column":null}}},"12":{"name":"(anonymous_22)","decl":{"start":{"line":229,"column":2},"end":{"line":229,"column":3}},"loc":{"start":{"line":229,"column":64},"end":{"line":252,"column":null}}}},"branchMap":{"0":{"loc":{"start":{"line":38,"column":2},"end":{"line":40,"column":null}},"type":"if","locations":[{"start":{"line":38,"column":2},"end":{"line":40,"column":null}}]},"1":{"loc":{"start":{"line":51,"column":6},"end":{"line":51,"column":32}},"type":"default-arg","locations":[{"start":{"line":51,"column":20},"end":{"line":51,"column":32}}]},"2":{"loc":{"start":{"line":64,"column":14},"end":{"line":64,"column":null}},"type":"cond-expr","locations":[{"start":{"line":64,"column":45},"end":{"line":64,"column":51}},{"start":{"line":64,"column":51},"end":{"line":64,"column":null}}]},"3":{"loc":{"start":{"line":72,"column":6},"end":{"line":74,"column":null}},"type":"if","locations":[{"start":{"line":72,"column":6},"end":{"line":74,"column":null}}]},"4":{"loc":{"start":{"line":90,"column":8},"end":{"line":96,"column":null}},"type":"if","locations":[{"start":{"line":90,"column":8},"end":{"line":96,"column":null}},{"start":{"line":93,"column":15},"end":{"line":96,"column":null}}]},"5":{"loc":{"start":{"line":93,"column":15},"end":{"line":96,"column":null}},"type":"if","locations":[{"start":{"line":93,"column":15},"end":{"line":96,"column":null}}]},"6":{"loc":{"start":{"line":102,"column":6},"end":{"line":104,"column":null}},"type":"if","locations":[{"start":{"line":102,"column":6},"end":{"line":104,"column":null}}]},"7":{"loc":{"start":{"line":102,"column":10},"end":{"line":102,"column":27}},"type":"binary-expr","locations":[{"start":{"line":102,"column":10},"end":{"line":102,"column":18}},{"start":{"line":102,"column":18},"end":{"line":102,"column":27}}]},"8":{"loc":{"start":{"line":110,"column":6},"end":{"line":112,"column":null}},"type":"if","locations":[{"start":{"line":110,"column":6},"end":{"line":112,"column":null}}]},"9":{"loc":{"start":{"line":130,"column":12},"end":{"line":130,"column":null}},"type":"binary-expr","locations":[{"start":{"line":130,"column":12},"end":{"line":130,"column":28}},{"start":{"line":130,"column":28},"end":{"line":130,"column":73}}]},"10":{"loc":{"start":{"line":130,"column":28},"end":{"line":130,"column":73}},"type":"cond-expr","locations":[{"start":{"line":130,"column":49},"end":{"line":130,"column":62}},{"start":{"line":130,"column":62},"end":{"line":130,"column":73}}]},"11":{"loc":{"start":{"line":165,"column":10},"end":{"line":165,"column":null}},"type":"cond-expr","locations":[{"start":{"line":165,"column":41},"end":{"line":165,"column":51}},{"start":{"line":165,"column":51},"end":{"line":165,"column":null}}]},"12":{"loc":{"start":{"line":188,"column":8},"end":{"line":188,"column":null}},"type":"cond-expr","locations":[{"start":{"line":188,"column":39},"end":{"line":188,"column":48}},{"start":{"line":188,"column":48},"end":{"line":188,"column":null}}]},"13":{"loc":{"start":{"line":200,"column":16},"end":{"line":200,"column":35}},"type":"default-arg","locations":[{"start":{"line":200,"column":26},"end":{"line":200,"column":35}}]},"14":{"loc":{"start":{"line":200,"column":37},"end":{"line":200,"column":50}},"type":"default-arg","locations":[{"start":{"line":200,"column":44},"end":{"line":200,"column":50}}]},"15":{"loc":{"start":{"line":210,"column":8},"end":{"line":212,"column":null}},"type":"cond-expr","locations":[{"start":{"line":211,"column":12},"end":{"line":211,"column":null}},{"start":{"line":212,"column":12},"end":{"line":212,"column":null}}]},"16":{"loc":{"start":{"line":229,"column":16},"end":{"line":229,"column":35}},"type":"default-arg","locations":[{"start":{"line":229,"column":26},"end":{"line":229,"column":35}}]},"17":{"loc":{"start":{"line":229,"column":37},"end":{"line":229,"column":50}},"type":"default-arg","locations":[{"start":{"line":229,"column":44},"end":{"line":229,"column":50}}]},"18":{"loc":{"start":{"line":239,"column":8},"end":{"line":241,"column":null}},"type":"cond-expr","locations":[{"start":{"line":240,"column":12},"end":{"line":240,"column":null}},{"start":{"line":241,"column":12},"end":{"line":241,"column":null}}]}},"s":{"0":0,"1":0,"2":0,"3":0,"4":0,"5":0,"6":0,"7":0,"8":0,"9":0,"10":0,"11":0,"12":0,"13":0,"14":0,"15":0,"16":0,"17":0,"18":0,"19":0,"20":0,"21":0,"22":0,"23":0,"24":0,"25":0,"26":0,"27":0,"28":0,"29":0,"30":0,"31":0,"32":0,"33":0,"34":0,"35":0,"36":0,"37":0,"38":0,"39":0,"40":0,"41":0,"42":0,"43":0,"44":0,"45":0,"46":0,"47":0,"48":0,"49":0,"50":0,"51":0,"52":0,"53":0,"54":0,"55":0,"56":0,"57":0,"58":0,"59":0},"f":{"0":0,"1":0,"2":0,"3":0,"4":0,"5":0,"6":0,"7":0,"8":0,"9":0,"10":0,"11":0,"12":0},"b":{"0":[0],"1":[0],"2":[0,0],"3":[0],"4":[0,0],"5":[0],"6":[0],"7":[0,0],"8":[0],"9":[0,0],"10":[0,0],"11":[0,0],"12":[0,0],"13":[0],"14":[0],"15":[0,0],"16":[0],"17":[0],"18":[0,0]}}
,"/home/oceanvs/KOVA V4/Etheral_Depth/components/ui/celestial-arc.tsx": {"path":"/home/oceanvs/KOVA V4/Etheral_Depth/components/ui/celestial-arc.tsx","statementMap":{"0":{"start":{"line":21,"column":13},"end":{"line":21,"column":57}},"1":{"start":{"line":4,"column":66},"end":{"line":4,"column":null}},"2":{"start":{"line":5,"column":24},"end":{"line":5,"column":null}},"3":{"start":{"line":19,"column":21},"end":{"line":19,"column":null}},"4":{"start":{"line":21,"column":57},"end":{"line":121,"column":null}},"5":{"start":{"line":32,"column":21},"end":{"line":35,"column":null}},"6":{"start":{"line":32,"column":35},"end":{"line":35,"column":5}},"7":{"start":{"line":33,"column":4},"end":{"line":33,"column":null}},"8":{"start":{"line":33,"column":39},"end":{"line":33,"column":null}},"9":{"start":{"line":34,"column":4},"end":{"line":34,"column":null}},"10":{"start":{"line":37,"column":21},"end":{"line":40,"column":null}},"11":{"start":{"line":37,"column":35},"end":{"line":40,"column":5}},"12":{"start":{"line":38,"column":4},"end":{"line":38,"column":null}},"13":{"start":{"line":38,"column":39},"end":{"line":38,"column":null}},"14":{"start":{"line":39,"column":4},"end":{"line":39,"column":null}},"15":{"start":{"line":42,"column":23},"end":{"line":42,"column":null}},"16":{"start":{"line":43,"column":23},"end":{"line":43,"column":null}},"17":{"start":{"line":45,"column":12},"end":{"line":45,"column":null}},"18":{"start":{"line":46,"column":12},"end":{"line":46,"column":null}}},"fnMap":{"0":{"name":"(anonymous_1)","decl":{"start":{"line":21,"column":57},"end":{"line":21,"column":58}},"loc":{"start":{"line":30,"column":1},"end":{"line":121,"column":null}}},"1":{"name":"(anonymous_2)","decl":{"start":{"line":32,"column":29},"end":{"line":32,"column":35}},"loc":{"start":{"line":32,"column":35},"end":{"line":35,"column":5}}},"2":{"name":"(anonymous_3)","decl":{"start":{"line":32,"column":35},"end":{"line":32,"column":36}},"loc":{"start":{"line":32,"column":36},"end":{"line":35,"column":5}}},"3":{"name":"(anonymous_4)","decl":{"start":{"line":37,"column":29},"end":{"line":37,"column":35}},"loc":{"start":{"line":37,"column":35},"end":{"line":40,"column":5}}},"4":{"name":"(anonymous_5)","decl":{"start":{"line":37,"column":35},"end":{"line":37,"column":36}},"loc":{"start":{"line":37,"column":36},"end":{"line":40,"column":5}}}},"branchMap":{"0":{"loc":{"start":{"line":29,"column":2},"end":{"line":29,"column":30}},"type":"default-arg","locations":[{"start":{"line":29,"column":25},"end":{"line":29,"column":30}}]},"1":{"loc":{"start":{"line":33,"column":4},"end":{"line":33,"column":null}},"type":"if","locations":[{"start":{"line":33,"column":4},"end":{"line":33,"column":null}}]},"2":{"loc":{"start":{"line":38,"column":4},"end":{"line":38,"column":null}},"type":"if","locations":[{"start":{"line":38,"column":4},"end":{"line":38,"column":null}}]},"3":{"loc":{"start":{"line":78,"column":20},"end":{"line":78,"column":null}},"type":"cond-expr","locations":[{"start":{"line":78,"column":43},"end":{"line":78,"column":47}},{"start":{"line":78,"column":47},"end":{"line":78,"column":null}}]},"4":{"loc":{"start":{"line":79,"column":18},"end":{"line":79,"column":69}},"type":"cond-expr","locations":[{"start":{"line":79,"column":41},"end":{"line":79,"column":45}},{"start":{"line":79,"column":45},"end":{"line":79,"column":69}}]},"5":{"loc":{"start":{"line":96,"column":20},"end":{"line":96,"column":null}},"type":"cond-expr","locations":[{"start":{"line":96,"column":43},"end":{"line":96,"column":47}},{"start":{"line":96,"column":47},"end":{"line":96,"column":null}}]},"6":{"loc":{"start":{"line":97,"column":18},"end":{"line":97,"column":69}},"type":"cond-expr","locations":[{"start":{"line":97,"column":41},"end":{"line":97,"column":45}},{"start":{"line":97,"column":45},"end":{"line":97,"column":69}}]},"7":{"loc":{"start":{"line":114,"column":20},"end":{"line":114,"column":null}},"type":"cond-expr","locations":[{"start":{"line":114,"column":43},"end":{"line":114,"column":47}},{"start":{"line":114,"column":47},"end":{"line":114,"column":null}}]},"8":{"loc":{"start":{"line":115,"column":18},"end":{"line":115,"column":69}},"type":"cond-expr","locations":[{"start":{"line":115,"column":41},"end":{"line":115,"column":45}},{"start":{"line":115,"column":45},"end":{"line":115,"column":69}}]}},"s":{"0":9,"1":1,"2":1,"3":1,"4":1,"5":9,"6":8,"7":0,"8":0,"9":0,"10":9,"11":8,"12":0,"13":0,"14":0,"15":9,"16":9,"17":9,"18":9},"f":{"0":9,"1":8,"2":0,"3":8,"4":0},"b":{"0":[8],"1":[0],"2":[0],"3":[1,8],"4":[1,8],"5":[1,8],"6":[1,8],"7":[1,8],"8":[1,8]}}
,"/home/oceanvs/KOVA V4/Etheral_Depth/components/ui/chart.tsx": {"path":"/home/oceanvs/KOVA V4/Etheral_Depth/components/ui/chart.tsx","statementMap":{"0":{"start":{"line":359,"column":2},"end":{"line":359,"column":16}},"1":{"start":{"line":362,"column":2},"end":{"line":362,"column":13}},"2":{"start":{"line":363,"column":2},"end":{"line":363,"column":20}},"3":{"start":{"line":364,"column":2},"end":{"line":364,"column":12}},"4":{"start":{"line":360,"column":2},"end":{"line":360,"column":14}},"5":{"start":{"line":361,"column":2},"end":{"line":361,"column":21}},"6":{"start":{"line":3,"column":23},"end":{"line":3,"column":null}},"7":{"start":{"line":4,"column":35},"end":{"line":4,"column":null}},"8":{"start":{"line":6,"column":19},"end":{"line":6,"column":null}},"9":{"start":{"line":9,"column":15},"end":{"line":9,"column":null}},"10":{"start":{"line":25,"column":21},"end":{"line":25,"column":null}},"11":{"start":{"line":28,"column":18},"end":{"line":28,"column":null}},"12":{"start":{"line":30,"column":2},"end":{"line":32,"column":null}},"13":{"start":{"line":31,"column":4},"end":{"line":31,"column":null}},"14":{"start":{"line":34,"column":2},"end":{"line":34,"column":null}},"15":{"start":{"line":37,"column":23},"end":{"line":67,"column":null}},"16":{"start":{"line":46,"column":19},"end":{"line":46,"column":null}},"17":{"start":{"line":47,"column":18},"end":{"line":47,"column":61}},"18":{"start":{"line":68,"column":0},"end":{"line":68,"column":null}},"19":{"start":{"line":70,"column":19},"end":{"line":101,"column":null}},"20":{"start":{"line":71,"column":22},"end":{"line":72,"column":null}},"21":{"start":{"line":72,"column":21},"end":{"line":72,"column":49}},"22":{"start":{"line":75,"column":2},"end":{"line":77,"column":null}},"23":{"start":{"line":76,"column":4},"end":{"line":76,"column":null}},"24":{"start":{"line":84,"column":33},"end":{"line":95,"column":1}},"25":{"start":{"line":89,"column":6},"end":{"line":90,"column":22}},"26":{"start":{"line":91,"column":4},"end":{"line":91,"column":null}},"27":{"start":{"line":103,"column":21},"end":{"line":103,"column":46}},"28":{"start":{"line":105,"column":28},"end":{"line":255,"column":null}},"29":{"start":{"line":134,"column":23},"end":{"line":134,"column":null}},"30":{"start":{"line":136,"column":25},"end":{"line":170,"column":null}},"31":{"start":{"line":137,"column":6},"end":{"line":139,"column":null}},"32":{"start":{"line":138,"column":8},"end":{"line":138,"column":null}},"33":{"start":{"line":141,"column":21},"end":{"line":141,"column":null}},"34":{"start":{"line":142,"column":18},"end":{"line":142,"column":71}},"35":{"start":{"line":143,"column":25},"end":{"line":143,"column":null}},"36":{"start":{"line":145,"column":8},"end":{"line":147,"column":null}},"37":{"start":{"line":149,"column":6},"end":{"line":155,"column":null}},"38":{"start":{"line":157,"column":6},"end":{"line":159,"column":null}},"39":{"start":{"line":158,"column":8},"end":{"line":158,"column":null}},"40":{"start":{"line":172,"column":4},"end":{"line":174,"column":null}},"41":{"start":{"line":173,"column":6},"end":{"line":173,"column":null}},"42":{"start":{"line":176,"column":22},"end":{"line":176,"column":null}},"43":{"start":{"line":189,"column":24},"end":{"line":189,"column":76}},"44":{"start":{"line":190,"column":31},"end":{"line":190,"column":null}},"45":{"start":{"line":191,"column":35},"end":{"line":191,"column":75}},"46":{"start":{"line":193,"column":12},"end":{"line":195,"column":null}},"47":{"start":{"line":257,"column":0},"end":{"line":257,"column":null}},"48":{"start":{"line":259,"column":20},"end":{"line":259,"column":44}},"49":{"start":{"line":261,"column":27},"end":{"line":315,"column":null}},"50":{"start":{"line":273,"column":23},"end":{"line":273,"column":null}},"51":{"start":{"line":275,"column":4},"end":{"line":277,"column":null}},"52":{"start":{"line":276,"column":6},"end":{"line":276,"column":null}},"53":{"start":{"line":289,"column":22},"end":{"line":289,"column":61}},"54":{"start":{"line":290,"column":29},"end":{"line":290,"column":null}},"55":{"start":{"line":292,"column":10},"end":{"line":294,"column":null}},"56":{"start":{"line":317,"column":0},"end":{"line":317,"column":null}},"57":{"start":{"line":325,"column":2},"end":{"line":327,"column":null}},"58":{"start":{"line":326,"column":4},"end":{"line":326,"column":null}},"59":{"start":{"line":330,"column":4},"end":{"line":334,"column":null}},"60":{"start":{"line":336,"column":31},"end":{"line":336,"column":null}},"61":{"start":{"line":338,"column":2},"end":{"line":351,"column":null}},"62":{"start":{"line":342,"column":4},"end":{"line":342,"column":null}},"63":{"start":{"line":343,"column":9},"end":{"line":351,"column":null}},"64":{"start":{"line":348,"column":4},"end":{"line":350,"column":null}},"65":{"start":{"line":353,"column":2},"end":{"line":355,"column":null}}},"fnMap":{"0":{"name":"useChart","decl":{"start":{"line":27,"column":9},"end":{"line":27,"column":null}},"loc":{"start":{"line":27,"column":9},"end":{"line":35,"column":null}}},"1":{"name":"(anonymous_11)","decl":{"start":{"line":45,"column":2},"end":{"line":45,"column":3}},"loc":{"start":{"line":45,"column":50},"end":{"line":67,"column":null}}},"2":{"name":"(anonymous_12)","decl":{"start":{"line":70,"column":19},"end":{"line":70,"column":20}},"loc":{"start":{"line":70,"column":71},"end":{"line":101,"column":null}}},"3":{"name":"(anonymous_13)","decl":{"start":{"line":72,"column":4},"end":{"line":72,"column":5}},"loc":{"start":{"line":72,"column":21},"end":{"line":72,"column":49}}},"4":{"name":"(anonymous_14)","decl":{"start":{"line":84,"column":12},"end":{"line":84,"column":13}},"loc":{"start":{"line":84,"column":33},"end":{"line":95,"column":1}}},"5":{"name":"(anonymous_15)","decl":{"start":{"line":87,"column":7},"end":{"line":87,"column":8}},"loc":{"start":{"line":87,"column":25},"end":{"line":92,"column":null}}},"6":{"name":"(anonymous_16)","decl":{"start":{"line":116,"column":2},"end":{"line":116,"column":null}},"loc":{"start":{"line":132,"column":4},"end":{"line":255,"column":null}}},"7":{"name":"(anonymous_17)","decl":{"start":{"line":136,"column":39},"end":{"line":136,"column":null}},"loc":{"start":{"line":136,"column":39},"end":{"line":162,"column":7}}},"8":{"name":"(anonymous_18)","decl":{"start":{"line":188,"column":23},"end":{"line":188,"column":24}},"loc":{"start":{"line":188,"column":30},"end":{"line":251,"column":null}}},"9":{"name":"(anonymous_19)","decl":{"start":{"line":269,"column":2},"end":{"line":269,"column":null}},"loc":{"start":{"line":271,"column":4},"end":{"line":315,"column":null}}},"10":{"name":"(anonymous_20)","decl":{"start":{"line":288,"column":21},"end":{"line":288,"column":22}},"loc":{"start":{"line":288,"column":22},"end":{"line":312,"column":null}}},"11":{"name":"getPayloadConfigFromPayload","decl":{"start":{"line":320,"column":9},"end":{"line":320,"column":null}},"loc":{"start":{"line":323,"column":13},"end":{"line":356,"column":null}}}},"branchMap":{"0":{"loc":{"start":{"line":30,"column":2},"end":{"line":32,"column":null}},"type":"if","locations":[{"start":{"line":30,"column":2},"end":{"line":32,"column":null}}]},"1":{"loc":{"start":{"line":47,"column":27},"end":{"line":47,"column":61}},"type":"binary-expr","locations":[{"start":{"line":47,"column":27},"end":{"line":47,"column":33}},{"start":{"line":47,"column":33},"end":{"line":47,"column":61}}]},"2":{"loc":{"start":{"line":72,"column":21},"end":{"line":72,"column":49}},"type":"binary-expr","locations":[{"start":{"line":72,"column":21},"end":{"line":72,"column":33}},{"start":{"line":72,"column":37},"end":{"line":72,"column":49}}]},"3":{"loc":{"start":{"line":75,"column":2},"end":{"line":77,"column":null}},"type":"if","locations":[{"start":{"line":75,"column":2},"end":{"line":77,"column":null}}]},"4":{"loc":{"start":{"line":89,"column":6},"end":{"line":90,"column":22}},"type":"binary-expr","locations":[{"start":{"line":89,"column":6},"end":{"line":89,"column":64}},{"start":{"line":90,"column":6},"end":{"line":90,"column":22}}]},"5":{"loc":{"start":{"line":91,"column":11},"end":{"line":91,"column":null}},"type":"cond-expr","locations":[{"start":{"line":91,"column":19},"end":{"line":91,"column":48}},{"start":{"line":91,"column":51},"end":{"line":91,"column":null}}]},"6":{"loc":{"start":{"line":121,"column":6},"end":{"line":121,"column":23}},"type":"default-arg","locations":[{"start":{"line":121,"column":18},"end":{"line":121,"column":23}}]},"7":{"loc":{"start":{"line":122,"column":6},"end":{"line":122,"column":23}},"type":"default-arg","locations":[{"start":{"line":122,"column":18},"end":{"line":122,"column":23}}]},"8":{"loc":{"start":{"line":123,"column":6},"end":{"line":123,"column":27}},"type":"default-arg","locations":[{"start":{"line":123,"column":22},"end":{"line":123,"column":27}}]},"9":{"loc":{"start":{"line":137,"column":6},"end":{"line":139,"column":null}},"type":"if","locations":[{"start":{"line":137,"column":6},"end":{"line":139,"column":null}}]},"10":{"loc":{"start":{"line":137,"column":10},"end":{"line":137,"column":41}},"type":"binary-expr","locations":[{"start":{"line":137,"column":10},"end":{"line":137,"column":23}},{"start":{"line":137,"column":23},"end":{"line":137,"column":41}}]},"11":{"loc":{"start":{"line":142,"column":21},"end":{"line":142,"column":71}},"type":"binary-expr","locations":[{"start":{"line":142,"column":21},"end":{"line":142,"column":33}},{"start":{"line":142,"column":33},"end":{"line":142,"column":45}},{"start":{"line":142,"column":49},"end":{"line":142,"column":58}},{"start":{"line":142,"column":62},"end":{"line":142,"column":71}}]},"12":{"loc":{"start":{"line":145,"column":8},"end":{"line":147,"column":null}},"type":"cond-expr","locations":[{"start":{"line":146,"column":12},"end":{"line":146,"column":null}},{"start":{"line":147,"column":12},"end":{"line":147,"column":null}}]},"13":{"loc":{"start":{"line":145,"column":8},"end":{"line":145,"column":null}},"type":"binary-expr","locations":[{"start":{"line":145,"column":8},"end":{"line":145,"column":21}},{"start":{"line":145,"column":21},"end":{"line":145,"column":null}}]},"14":{"loc":{"start":{"line":146,"column":12},"end":{"line":146,"column":null}},"type":"binary-expr","locations":[{"start":{"line":146,"column":12},"end":{"line":146,"column":59}},{"start":{"line":146,"column":59},"end":{"line":146,"column":null}}]},"15":{"loc":{"start":{"line":149,"column":6},"end":{"line":155,"column":null}},"type":"if","locations":[{"start":{"line":149,"column":6},"end":{"line":155,"column":null}}]},"16":{"loc":{"start":{"line":157,"column":6},"end":{"line":159,"column":null}},"type":"if","locations":[{"start":{"line":157,"column":6},"end":{"line":159,"column":null}}]},"17":{"loc":{"start":{"line":172,"column":4},"end":{"line":174,"column":null}},"type":"if","locations":[{"start":{"line":172,"column":4},"end":{"line":174,"column":null}}]},"18":{"loc":{"start":{"line":172,"column":8},"end":{"line":172,"column":37}},"type":"binary-expr","locations":[{"start":{"line":172,"column":8},"end":{"line":172,"column":19}},{"start":{"line":172,"column":19},"end":{"line":172,"column":37}}]},"19":{"loc":{"start":{"line":176,"column":22},"end":{"line":176,"column":null}},"type":"binary-expr","locations":[{"start":{"line":176,"column":22},"end":{"line":176,"column":46}},{"start":{"line":176,"column":46},"end":{"line":176,"column":null}}]},"20":{"loc":{"start":{"line":186,"column":9},"end":{"line":186,"column":null}},"type":"cond-expr","locations":[{"start":{"line":186,"column":22},"end":{"line":186,"column":37}},{"start":{"line":186,"column":37},"end":{"line":186,"column":null}}]},"21":{"loc":{"start":{"line":189,"column":27},"end":{"line":189,"column":76}},"type":"binary-expr","locations":[{"start":{"line":189,"column":27},"end":{"line":189,"column":38}},{"start":{"line":189,"column":38},"end":{"line":189,"column":47}},{"start":{"line":189,"column":51},"end":{"line":189,"column":63}},{"start":{"line":189,"column":67},"end":{"line":189,"column":76}}]},"22":{"loc":{"start":{"line":191,"column":35},"end":{"line":191,"column":75}},"type":"binary-expr","locations":[{"start":{"line":191,"column":35},"end":{"line":191,"column":44}},{"start":{"line":191,"column":44},"end":{"line":191,"column":61}},{"start":{"line":191,"column":65},"end":{"line":191,"column":75}}]},"23":{"loc":{"start":{"line":198,"column":18},"end":{"line":198,"column":null}},"type":"binary-expr","locations":[{"start":{"line":198,"column":18},"end":{"line":198,"column":41}},{"start":{"line":198,"column":41},"end":{"line":198,"column":null}}]},"24":{"loc":{"start":{"line":202,"column":18},"end":{"line":202,"column":null}},"type":"cond-expr","locations":[{"start":{"line":202,"column":18},"end":{"line":202,"column":null}}]},"25":{"loc":{"start":{"line":201,"column":17},"end":{"line":201,"column":68}},"type":"binary-expr","locations":[{"start":{"line":201,"column":17},"end":{"line":201,"column":30}},{"start":{"line":201,"column":30},"end":{"line":201,"column":59}},{"start":{"line":201,"column":59},"end":{"line":201,"column":68}}]},"26":{"loc":{"start":{"line":206,"column":22},"end":{"line":206,"column":null}},"type":"cond-expr","locations":[{"start":{"line":206,"column":22},"end":{"line":206,"column":null}}]},"27":{"loc":{"start":{"line":208,"column":22},"end":{"line":208,"column":null}},"type":"binary-expr","locations":[{"start":{"line":208,"column":22},"end":{"line":208,"column":null}}]},"28":{"loc":{"start":{"line":217,"column":40},"end":{"line":217,"column":null}},"type":"binary-expr","locations":[{"start":{"line":217,"column":40},"end":{"line":217,"column":53}},{"start":{"line":217,"column":53},"end":{"line":217,"column":null}}]},"29":{"loc":{"start":{"line":232,"column":24},"end":{"line":232,"column":null}},"type":"cond-expr","locations":[{"start":{"line":232,"column":36},"end":{"line":232,"column":50}},{"start":{"line":232,"column":50},"end":{"line":232,"column":null}}]},"30":{"loc":{"start":{"line":236,"column":25},"end":{"line":236,"column":null}},"type":"cond-expr","locations":[{"start":{"line":236,"column":37},"end":{"line":236,"column":52}},{"start":{"line":236,"column":52},"end":{"line":236,"column":null}}]},"31":{"loc":{"start":{"line":238,"column":27},"end":{"line":238,"column":57}},"type":"binary-expr","locations":[{"start":{"line":238,"column":27},"end":{"line":238,"column":48}},{"start":{"line":238,"column":48},"end":{"line":238,"column":57}}]},"32":{"loc":{"start":{"line":241,"column":23},"end":{"line":241,"column":33}},"type":"binary-expr","locations":[{"start":{"line":241,"column":23},"end":{"line":241,"column":33}}]},"33":{"loc":{"start":{"line":270,"column":17},"end":{"line":270,"column":33}},"type":"default-arg","locations":[{"start":{"line":270,"column":28},"end":{"line":270,"column":33}}]},"34":{"loc":{"start":{"line":270,"column":44},"end":{"line":270,"column":68}},"type":"default-arg","locations":[{"start":{"line":270,"column":60},"end":{"line":270,"column":68}}]},"35":{"loc":{"start":{"line":275,"column":4},"end":{"line":277,"column":null}},"type":"if","locations":[{"start":{"line":275,"column":4},"end":{"line":277,"column":null}}]},"36":{"loc":{"start":{"line":284,"column":10},"end":{"line":284,"column":null}},"type":"cond-expr","locations":[{"start":{"line":284,"column":36},"end":{"line":284,"column":45}},{"start":{"line":284,"column":45},"end":{"line":284,"column":null}}]},"37":{"loc":{"start":{"line":289,"column":25},"end":{"line":289,"column":61}},"type":"binary-expr","locations":[{"start":{"line":289,"column":25},"end":{"line":289,"column":36}},{"start":{"line":289,"column":36},"end":{"line":289,"column":48}},{"start":{"line":289,"column":52},"end":{"line":289,"column":61}}]},"38":{"loc":{"start":{"line":300,"column":16},"end":{"line":300,"column":null}},"type":"cond-expr","locations":[{"start":{"line":300,"column":16},"end":{"line":300,"column":null}}]},"39":{"loc":{"start":{"line":299,"column":15},"end":{"line":299,"column":null}},"type":"binary-expr","locations":[{"start":{"line":299,"column":15},"end":{"line":299,"column":35}},{"start":{"line":299,"column":35},"end":{"line":299,"column":null}}]},"40":{"loc":{"start":{"line":325,"column":2},"end":{"line":327,"column":null}},"type":"if","locations":[{"start":{"line":325,"column":2},"end":{"line":327,"column":null}}]},"41":{"loc":{"start":{"line":325,"column":6},"end":{"line":325,"column":55}},"type":"binary-expr","locations":[{"start":{"line":325,"column":6},"end":{"line":325,"column":37}},{"start":{"line":325,"column":37},"end":{"line":325,"column":55}}]},"42":{"loc":{"start":{"line":330,"column":4},"end":{"line":334,"column":null}},"type":"cond-expr","locations":[{"start":{"line":333,"column":8},"end":{"line":333,"column":23}},{"start":{"line":334,"column":8},"end":{"line":334,"column":null}}]},"43":{"loc":{"start":{"line":330,"column":4},"end":{"line":332,"column":null}},"type":"binary-expr","locations":[{"start":{"line":330,"column":4},"end":{"line":330,"column":null}},{"start":{"line":331,"column":4},"end":{"line":331,"column":null}},{"start":{"line":332,"column":4},"end":{"line":332,"column":null}}]},"44":{"loc":{"start":{"line":338,"column":2},"end":{"line":351,"column":null}},"type":"if","locations":[{"start":{"line":338,"column":2},"end":{"line":351,"column":null}},{"start":{"line":343,"column":9},"end":{"line":351,"column":null}}]},"45":{"loc":{"start":{"line":339,"column":4},"end":{"line":340,"column":null}},"type":"binary-expr","locations":[{"start":{"line":339,"column":4},"end":{"line":339,"column":null}},{"start":{"line":340,"column":4},"end":{"line":340,"column":null}}]},"46":{"loc":{"start":{"line":343,"column":9},"end":{"line":351,"column":null}},"type":"if","locations":[{"start":{"line":343,"column":9},"end":{"line":351,"column":null}}]},"47":{"loc":{"start":{"line":344,"column":4},"end":{"line":346,"column":null}},"type":"binary-expr","locations":[{"start":{"line":344,"column":4},"end":{"line":344,"column":null}},{"start":{"line":345,"column":4},"end":{"line":345,"column":null}},{"start":{"line":346,"column":4},"end":{"line":346,"column":null}}]},"48":{"loc":{"start":{"line":353,"column":9},"end":{"line":355,"column":40}},"type":"cond-expr","locations":[{"start":{"line":354,"column":6},"end":{"line":354,"column":28}},{"start":{"line":355,"column":6},"end":{"line":355,"column":40}}]}},"s":{"0":0,"1":0,"2":0,"3":0,"4":0,"5":0,"6":0,"7":0,"8":0,"9":0,"10":0,"11":0,"12":0,"13":0,"14":0,"15":0,"16":0,"17":0,"18":0,"19":0,"20":0,"21":0,"22":0,"23":0,"24":0,"25":0,"26":0,"27":0,"28":0,"29":0,"30":0,"31":0,"32":0,"33":0,"34":0,"35":0,"36":0,"37":0,"38":0,"39":0,"40":0,"41":0,"42":0,"43":0,"44":0,"45":0,"46":0,"47":0,"48":0,"49":0,"50":0,"51":0,"52":0,"53":0,"54":0,"55":0,"56":0,"57":0,"58":0,"59":0,"60":0,"61":0,"62":0,"63":0,"64":0,"65":0},"f":{"0":0,"1":0,"2":0,"3":0,"4":0,"5":0,"6":0,"7":0,"8":0,"9":0,"10":0,"11":0},"b":{"0":[0],"1":[0,0],"2":[0,0],"3":[0],"4":[0,0],"5":[0,0],"6":[0],"7":[0],"8":[0],"9":[0],"10":[0,0],"11":[0,0,0,0],"12":[0,0],"13":[0,0],"14":[0,0],"15":[0],"16":[0],"17":[0],"18":[0,0],"19":[0,0],"20":[0,0],"21":[0,0,0,0],"22":[0,0,0],"23":[0,0],"24":[0],"25":[0,0,0],"26":[0],"27":[0],"28":[0,0],"29":[0,0],"30":[0,0],"31":[0,0],"32":[0],"33":[0],"34":[0],"35":[0],"36":[0,0],"37":[0,0,0],"38":[0],"39":[0,0],"40":[0],"41":[0,0],"42":[0,0],"43":[0,0,0],"44":[0,0],"45":[0,0],"46":[0],"47":[0,0,0],"48":[0,0]}}
,"/home/oceanvs/KOVA V4/Etheral_Depth/components/ui/checkbox.tsx": {"path":"/home/oceanvs/KOVA V4/Etheral_Depth/components/ui/checkbox.tsx","statementMap":{"0":{"start":{"line":30,"column":9},"end":{"line":30,"column":null}},"1":{"start":{"line":3,"column":23},"end":{"line":3,"column":null}},"2":{"start":{"line":4,"column":35},"end":{"line":4,"column":null}},"3":{"start":{"line":5,"column":22},"end":{"line":5,"column":null}},"4":{"start":{"line":7,"column":19},"end":{"line":7,"column":null}},"5":{"start":{"line":28,"column":0},"end":{"line":28,"column":null}}},"fnMap":{},"branchMap":{},"s":{"0":0,"1":0,"2":0,"3":0,"4":0,"5":0},"f":{},"b":{}}
,"/home/oceanvs/KOVA V4/Etheral_Depth/components/ui/collapsible.tsx": {"path":"/home/oceanvs/KOVA V4/Etheral_Depth/components/ui/collapsible.tsx","statementMap":{"0":{"start":{"line":11,"column":9},"end":{"line":11,"column":20}},"1":{"start":{"line":11,"column":42},"end":{"line":11,"column":60}},"2":{"start":{"line":11,"column":22},"end":{"line":11,"column":40}},"3":{"start":{"line":3,"column":38},"end":{"line":3,"column":null}},"4":{"start":{"line":5,"column":20},"end":{"line":5,"column":45}},"5":{"start":{"line":7,"column":27},"end":{"line":7,"column":66}},"6":{"start":{"line":9,"column":27},"end":{"line":9,"column":66}}},"fnMap":{},"branchMap":{},"s":{"0":0,"1":0,"2":0,"3":0,"4":0,"5":0,"6":0},"f":{},"b":{}}
,"/home/oceanvs/KOVA V4/Etheral_Depth/components/ui/command.tsx": {"path":"/home/oceanvs/KOVA V4/Etheral_Depth/components/ui/command.tsx","statementMap":{"0":{"start":{"line":144,"column":2},"end":{"line":144,"column":9}},"1":{"start":{"line":145,"column":2},"end":{"line":145,"column":15}},"2":{"start":{"line":148,"column":2},"end":{"line":148,"column":14}},"3":{"start":{"line":149,"column":2},"end":{"line":149,"column":14}},"4":{"start":{"line":146,"column":2},"end":{"line":146,"column":14}},"5":{"start":{"line":150,"column":2},"end":{"line":150,"column":13}},"6":{"start":{"line":147,"column":2},"end":{"line":147,"column":13}},"7":{"start":{"line":152,"column":2},"end":{"line":152,"column":18}},"8":{"start":{"line":151,"column":2},"end":{"line":151,"column":17}},"9":{"start":{"line":3,"column":23},"end":{"line":3,"column":null}},"10":{"start":{"line":5,"column":44},"end":{"line":5,"column":null}},"11":{"start":{"line":6,"column":23},"end":{"line":6,"column":null}},"12":{"start":{"line":8,"column":19},"end":{"line":8,"column":null}},"13":{"start":{"line":9,"column":38},"end":{"line":9,"column":null}},"14":{"start":{"line":24,"column":0},"end":{"line":24,"column":null}},"15":{"start":{"line":26,"column":22},"end":{"line":36,"column":null}},"16":{"start":{"line":55,"column":0},"end":{"line":55,"column":null}},"17":{"start":{"line":68,"column":0},"end":{"line":68,"column":null}},"18":{"start":{"line":81,"column":0},"end":{"line":81,"column":null}},"19":{"start":{"line":97,"column":0},"end":{"line":97,"column":null}},"20":{"start":{"line":109,"column":0},"end":{"line":109,"column":null}},"21":{"start":{"line":125,"column":0},"end":{"line":125,"column":null}},"22":{"start":{"line":127,"column":24},"end":{"line":140,"column":null}},"23":{"start":{"line":141,"column":0},"end":{"line":141,"column":null}}},"fnMap":{"0":{"name":"(anonymous_14)","decl":{"start":{"line":26,"column":22},"end":{"line":26,"column":23}},"loc":{"start":{"line":26,"column":58},"end":{"line":36,"column":null}}},"1":{"name":"(anonymous_21)","decl":{"start":{"line":127,"column":24},"end":{"line":127,"column":25}},"loc":{"start":{"line":130,"column":40},"end":{"line":140,"column":null}}}},"branchMap":{},"s":{"0":0,"1":0,"2":0,"3":0,"4":0,"5":0,"6":0,"7":0,"8":0,"9":0,"10":0,"11":0,"12":0,"13":0,"14":0,"15":0,"16":0,"17":0,"18":0,"19":0,"20":0,"21":0,"22":0,"23":0},"f":{"0":0,"1":0},"b":{}}
,"/home/oceanvs/KOVA V4/Etheral_Depth/components/ui/context-menu.tsx": {"path":"/home/oceanvs/KOVA V4/Etheral_Depth/components/ui/context-menu.tsx","statementMap":{"0":{"start":{"line":185,"column":2},"end":{"line":185,"column":13}},"1":{"start":{"line":189,"column":2},"end":{"line":189,"column":25}},"2":{"start":{"line":187,"column":2},"end":{"line":187,"column":20}},"3":{"start":{"line":194,"column":2},"end":{"line":194,"column":18}},"4":{"start":{"line":188,"column":2},"end":{"line":188,"column":17}},"5":{"start":{"line":191,"column":2},"end":{"line":191,"column":18}},"6":{"start":{"line":195,"column":2},"end":{"line":195,"column":19}},"7":{"start":{"line":199,"column":2},"end":{"line":199,"column":23}},"8":{"start":{"line":190,"column":2},"end":{"line":190,"column":22}},"9":{"start":{"line":192,"column":2},"end":{"line":192,"column":22}},"10":{"start":{"line":193,"column":2},"end":{"line":193,"column":21}},"11":{"start":{"line":196,"column":2},"end":{"line":196,"column":16}},"12":{"start":{"line":197,"column":2},"end":{"line":197,"column":23}},"13":{"start":{"line":198,"column":2},"end":{"line":198,"column":23}},"14":{"start":{"line":186,"column":2},"end":{"line":186,"column":20}},"15":{"start":{"line":3,"column":23},"end":{"line":3,"column":null}},"16":{"start":{"line":4,"column":38},"end":{"line":4,"column":null}},"17":{"start":{"line":5,"column":44},"end":{"line":5,"column":null}},"18":{"start":{"line":7,"column":19},"end":{"line":7,"column":null}},"19":{"start":{"line":9,"column":20},"end":{"line":9,"column":45}},"20":{"start":{"line":11,"column":27},"end":{"line":11,"column":55}},"21":{"start":{"line":13,"column":25},"end":{"line":13,"column":51}},"22":{"start":{"line":15,"column":26},"end":{"line":15,"column":53}},"23":{"start":{"line":17,"column":23},"end":{"line":17,"column":47}},"24":{"start":{"line":19,"column":30},"end":{"line":19,"column":61}},"25":{"start":{"line":40,"column":0},"end":{"line":40,"column":null}},"26":{"start":{"line":55,"column":0},"end":{"line":55,"column":null}},"27":{"start":{"line":72,"column":0},"end":{"line":72,"column":null}},"28":{"start":{"line":90,"column":0},"end":{"line":90,"column":null}},"29":{"start":{"line":113,"column":0},"end":{"line":114,"column":null}},"30":{"start":{"line":136,"column":0},"end":{"line":136,"column":null}},"31":{"start":{"line":154,"column":0},"end":{"line":154,"column":null}},"32":{"start":{"line":166,"column":0},"end":{"line":166,"column":null}},"33":{"start":{"line":168,"column":28},"end":{"line":181,"column":null}},"34":{"start":{"line":182,"column":0},"end":{"line":182,"column":null}}},"fnMap":{"0":{"name":"(anonymous_27)","decl":{"start":{"line":168,"column":28},"end":{"line":168,"column":29}},"loc":{"start":{"line":171,"column":40},"end":{"line":181,"column":null}}}},"branchMap":{"0":{"loc":{"start":{"line":31,"column":6},"end":{"line":31,"column":null}},"type":"binary-expr","locations":[{"start":{"line":31,"column":6},"end":{"line":31,"column":15}},{"start":{"line":31,"column":15},"end":{"line":31,"column":null}}]},"1":{"loc":{"start":{"line":84,"column":6},"end":{"line":84,"column":null}},"type":"binary-expr","locations":[{"start":{"line":84,"column":6},"end":{"line":84,"column":15}},{"start":{"line":84,"column":15},"end":{"line":84,"column":null}}]},"2":{"loc":{"start":{"line":148,"column":6},"end":{"line":148,"column":null}},"type":"binary-expr","locations":[{"start":{"line":148,"column":6},"end":{"line":148,"column":15}},{"start":{"line":148,"column":15},"end":{"line":148,"column":null}}]}},"s":{"0":0,"1":0,"2":0,"3":0,"4":0,"5":0,"6":0,"7":0,"8":0,"9":0,"10":0,"11":0,"12":0,"13":0,"14":0,"15":0,"16":0,"17":0,"18":0,"19":0,"20":0,"21":0,"22":0,"23":0,"24":0,"25":0,"26":0,"27":0,"28":0,"29":0,"30":0,"31":0,"32":0,"33":0,"34":0},"f":{"0":0},"b":{"0":[0,0],"1":[0,0],"2":[0,0]}}
,"/home/oceanvs/KOVA V4/Etheral_Depth/components/ui/dialog.tsx": {"path":"/home/oceanvs/KOVA V4/Etheral_Depth/components/ui/dialog.tsx","statementMap":{"0":{"start":{"line":112,"column":2},"end":{"line":112,"column":8}},"1":{"start":{"line":115,"column":2},"end":{"line":115,"column":13}},"2":{"start":{"line":117,"column":2},"end":{"line":117,"column":15}},"3":{"start":{"line":121,"column":2},"end":{"line":121,"column":19}},"4":{"start":{"line":119,"column":2},"end":{"line":119,"column":14}},"5":{"start":{"line":118,"column":2},"end":{"line":118,"column":14}},"6":{"start":{"line":114,"column":2},"end":{"line":114,"column":15}},"7":{"start":{"line":113,"column":2},"end":{"line":113,"column":14}},"8":{"start":{"line":120,"column":2},"end":{"line":120,"column":13}},"9":{"start":{"line":116,"column":2},"end":{"line":116,"column":15}},"10":{"start":{"line":3,"column":23},"end":{"line":3,"column":null}},"11":{"start":{"line":4,"column":33},"end":{"line":4,"column":null}},"12":{"start":{"line":5,"column":18},"end":{"line":5,"column":null}},"13":{"start":{"line":7,"column":19},"end":{"line":7,"column":null}},"14":{"start":{"line":9,"column":15},"end":{"line":9,"column":35}},"15":{"start":{"line":11,"column":22},"end":{"line":11,"column":45}},"16":{"start":{"line":13,"column":21},"end":{"line":13,"column":43}},"17":{"start":{"line":15,"column":20},"end":{"line":15,"column":41}},"18":{"start":{"line":30,"column":0},"end":{"line":30,"column":null}},"19":{"start":{"line":54,"column":0},"end":{"line":54,"column":null}},"20":{"start":{"line":68,"column":0},"end":{"line":68,"column":null}},"21":{"start":{"line":82,"column":0},"end":{"line":82,"column":null}},"22":{"start":{"line":97,"column":0},"end":{"line":97,"column":null}},"23":{"start":{"line":109,"column":0},"end":{"line":109,"column":null}}},"fnMap":{},"branchMap":{},"s":{"0":0,"1":0,"2":0,"3":0,"4":0,"5":0,"6":0,"7":0,"8":0,"9":0,"10":0,"11":0,"12":0,"13":0,"14":0,"15":0,"16":0,"17":0,"18":0,"19":0,"20":0,"21":0,"22":0,"23":0},"f":{},"b":{}}
,"/home/oceanvs/KOVA V4/Etheral_Depth/components/ui/drawer.tsx": {"path":"/home/oceanvs/KOVA V4/Etheral_Depth/components/ui/drawer.tsx","statementMap":{"0":{"start":{"line":108,"column":2},"end":{"line":108,"column":8}},"1":{"start":{"line":112,"column":2},"end":{"line":112,"column":13}},"2":{"start":{"line":113,"column":2},"end":{"line":113,"column":15}},"3":{"start":{"line":117,"column":2},"end":{"line":117,"column":19}},"4":{"start":{"line":115,"column":2},"end":{"line":115,"column":14}},"5":{"start":{"line":114,"column":2},"end":{"line":114,"column":14}},"6":{"start":{"line":110,"column":2},"end":{"line":110,"column":15}},"7":{"start":{"line":109,"column":2},"end":{"line":109,"column":14}},"8":{"start":{"line":116,"column":2},"end":{"line":116,"column":13}},"9":{"start":{"line":111,"column":2},"end":{"line":111,"column":15}},"10":{"start":{"line":3,"column":23},"end":{"line":3,"column":null}},"11":{"start":{"line":4,"column":42},"end":{"line":4,"column":null}},"12":{"start":{"line":6,"column":19},"end":{"line":6,"column":null}},"13":{"start":{"line":17,"column":0},"end":{"line":17,"column":null}},"14":{"start":{"line":19,"column":22},"end":{"line":19,"column":45}},"15":{"start":{"line":21,"column":21},"end":{"line":21,"column":43}},"16":{"start":{"line":23,"column":20},"end":{"line":23,"column":41}},"17":{"start":{"line":35,"column":0},"end":{"line":35,"column":null}},"18":{"start":{"line":56,"column":0},"end":{"line":56,"column":null}},"19":{"start":{"line":67,"column":0},"end":{"line":67,"column":null}},"20":{"start":{"line":78,"column":0},"end":{"line":78,"column":null}},"21":{"start":{"line":93,"column":0},"end":{"line":93,"column":null}},"22":{"start":{"line":105,"column":0},"end":{"line":105,"column":null}}},"fnMap":{},"branchMap":{"0":{"loc":{"start":{"line":9,"column":2},"end":{"line":9,"column":30}},"type":"default-arg","locations":[{"start":{"line":9,"column":26},"end":{"line":9,"column":30}}]}},"s":{"0":0,"1":0,"2":0,"3":0,"4":0,"5":0,"6":0,"7":0,"8":0,"9":0,"10":0,"11":0,"12":0,"13":0,"14":0,"15":0,"16":0,"17":0,"18":0,"19":0,"20":0,"21":0,"22":0},"f":{},"b":{"0":[0]}}
,"/home/oceanvs/KOVA V4/Etheral_Depth/components/ui/dropdown-menu.tsx": {"path":"/home/oceanvs/KOVA V4/Etheral_Depth/components/ui/dropdown-menu.tsx","statementMap":{"0":{"start":{"line":185,"column":2},"end":{"line":185,"column":14}},"1":{"start":{"line":189,"column":2},"end":{"line":189,"column":26}},"2":{"start":{"line":187,"column":2},"end":{"line":187,"column":21}},"3":{"start":{"line":194,"column":2},"end":{"line":194,"column":19}},"4":{"start":{"line":188,"column":2},"end":{"line":188,"column":18}},"5":{"start":{"line":191,"column":2},"end":{"line":191,"column":19}},"6":{"start":{"line":195,"column":2},"end":{"line":195,"column":20}},"7":{"start":{"line":199,"column":2},"end":{"line":199,"column":24}},"8":{"start":{"line":190,"column":2},"end":{"line":190,"column":23}},"9":{"start":{"line":192,"column":2},"end":{"line":192,"column":23}},"10":{"start":{"line":193,"column":2},"end":{"line":193,"column":22}},"11":{"start":{"line":196,"column":2},"end":{"line":196,"column":17}},"12":{"start":{"line":197,"column":2},"end":{"line":197,"column":24}},"13":{"start":{"line":198,"column":2},"end":{"line":198,"column":24}},"14":{"start":{"line":186,"column":2},"end":{"line":186,"column":21}},"15":{"start":{"line":3,"column":23},"end":{"line":3,"column":null}},"16":{"start":{"line":4,"column":39},"end":{"line":4,"column":null}},"17":{"start":{"line":5,"column":44},"end":{"line":5,"column":null}},"18":{"start":{"line":7,"column":19},"end":{"line":7,"column":null}},"19":{"start":{"line":9,"column":21},"end":{"line":9,"column":47}},"20":{"start":{"line":11,"column":28},"end":{"line":11,"column":57}},"21":{"start":{"line":13,"column":26},"end":{"line":13,"column":53}},"22":{"start":{"line":15,"column":27},"end":{"line":15,"column":55}},"23":{"start":{"line":17,"column":24},"end":{"line":17,"column":49}},"24":{"start":{"line":19,"column":31},"end":{"line":19,"column":63}},"25":{"start":{"line":40,"column":0},"end":{"line":41,"column":null}},"26":{"start":{"line":56,"column":0},"end":{"line":57,"column":null}},"27":{"start":{"line":75,"column":0},"end":{"line":75,"column":null}},"28":{"start":{"line":93,"column":0},"end":{"line":93,"column":null}},"29":{"start":{"line":116,"column":0},"end":{"line":117,"column":null}},"30":{"start":{"line":139,"column":0},"end":{"line":139,"column":null}},"31":{"start":{"line":157,"column":0},"end":{"line":157,"column":null}},"32":{"start":{"line":169,"column":0},"end":{"line":169,"column":null}},"33":{"start":{"line":171,"column":29},"end":{"line":181,"column":null}},"34":{"start":{"line":182,"column":0},"end":{"line":182,"column":null}}},"fnMap":{"0":{"name":"(anonymous_27)","decl":{"start":{"line":171,"column":29},"end":{"line":171,"column":30}},"loc":{"start":{"line":174,"column":40},"end":{"line":181,"column":null}}}},"branchMap":{"0":{"loc":{"start":{"line":31,"column":6},"end":{"line":31,"column":null}},"type":"binary-expr","locations":[{"start":{"line":31,"column":6},"end":{"line":31,"column":15}},{"start":{"line":31,"column":15},"end":{"line":31,"column":null}}]},"1":{"loc":{"start":{"line":62,"column":16},"end":{"line":62,"column":30}},"type":"default-arg","locations":[{"start":{"line":62,"column":29},"end":{"line":62,"column":30}}]},"2":{"loc":{"start":{"line":87,"column":6},"end":{"line":87,"column":null}},"type":"binary-expr","locations":[{"start":{"line":87,"column":6},"end":{"line":87,"column":15}},{"start":{"line":87,"column":15},"end":{"line":87,"column":null}}]},"3":{"loc":{"start":{"line":151,"column":6},"end":{"line":151,"column":null}},"type":"binary-expr","locations":[{"start":{"line":151,"column":6},"end":{"line":151,"column":15}},{"start":{"line":151,"column":15},"end":{"line":151,"column":null}}]}},"s":{"0":0,"1":0,"2":0,"3":0,"4":0,"5":0,"6":0,"7":0,"8":0,"9":0,"10":0,"11":0,"12":0,"13":0,"14":0,"15":0,"16":0,"17":0,"18":0,"19":0,"20":0,"21":0,"22":0,"23":0,"24":0,"25":0,"26":0,"27":0,"28":0,"29":0,"30":0,"31":0,"32":0,"33":0,"34":0},"f":{"0":0},"b":{"0":[0,0],"1":[0],"2":[0,0],"3":[0,0]}}
,"/home/oceanvs/KOVA V4/Etheral_Depth/components/ui/ethereal-depth.tsx": {"path":"/home/oceanvs/KOVA V4/Etheral_Depth/components/ui/ethereal-depth.tsx","statementMap":{"0":{"start":{"line":21,"column":13},"end":{"line":21,"column":39}},"1":{"start":{"line":4,"column":75},"end":{"line":4,"column":null}},"2":{"start":{"line":5,"column":57},"end":{"line":5,"column":null}},"3":{"start":{"line":6,"column":29},"end":{"line":6,"column":null}},"4":{"start":{"line":7,"column":34},"end":{"line":7,"column":null}},"5":{"start":{"line":8,"column":33},"end":{"line":8,"column":null}},"6":{"start":{"line":10,"column":26},"end":{"line":15,"column":null}},"7":{"start":{"line":18,"column":27},"end":{"line":18,"column":null}},"8":{"start":{"line":19,"column":26},"end":{"line":19,"column":null}},"9":{"start":{"line":21,"column":39},"end":{"line":113,"column":null}},"10":{"start":{"line":22,"column":23},"end":{"line":22,"column":null}},"11":{"start":{"line":23,"column":34},"end":{"line":23,"column":null}},"12":{"start":{"line":24,"column":31},"end":{"line":24,"column":null}},"13":{"start":{"line":26,"column":17},"end":{"line":26,"column":null}},"14":{"start":{"line":27,"column":17},"end":{"line":27,"column":null}},"15":{"start":{"line":29,"column":30},"end":{"line":32,"column":null}},"16":{"start":{"line":35,"column":16},"end":{"line":35,"column":null}},"17":{"start":{"line":36,"column":12},"end":{"line":36,"column":null}},"18":{"start":{"line":37,"column":18},"end":{"line":37,"column":null}},"19":{"start":{"line":38,"column":22},"end":{"line":38,"column":null}},"20":{"start":{"line":40,"column":30},"end":{"line":43,"column":null}},"21":{"start":{"line":43,"column":6},"end":{"line":43,"column":107}},"22":{"start":{"line":46,"column":2},"end":{"line":62,"column":null}},"23":{"start":{"line":47,"column":4},"end":{"line":47,"column":null}},"24":{"start":{"line":49,"column":18},"end":{"line":49,"column":null}},"25":{"start":{"line":50,"column":28},"end":{"line":59,"column":null}},"26":{"start":{"line":51,"column":6},"end":{"line":58,"column":null}},"27":{"start":{"line":52,"column":8},"end":{"line":56,"column":null}},"28":{"start":{"line":53,"column":10},"end":{"line":53,"column":null}},"29":{"start":{"line":54,"column":10},"end":{"line":54,"column":null}},"30":{"start":{"line":55,"column":10},"end":{"line":55,"column":null}},"31":{"start":{"line":57,"column":8},"end":{"line":57,"column":null}},"32":{"start":{"line":60,"column":4},"end":{"line":60,"column":null}},"33":{"start":{"line":61,"column":4},"end":{"line":61,"column":null}},"34":{"start":{"line":61,"column":17},"end":{"line":61,"column":null}},"35":{"start":{"line":85,"column":10},"end":{"line":86,"column":null}}},"fnMap":{"0":{"name":"(anonymous_1)","decl":{"start":{"line":21,"column":39},"end":{"line":21,"column":null}},"loc":{"start":{"line":21,"column":39},"end":{"line":113,"column":null}}},"1":{"name":"(anonymous_2)","decl":{"start":{"line":42,"column":4},"end":{"line":42,"column":5}},"loc":{"start":{"line":43,"column":6},"end":{"line":43,"column":107}}},"2":{"name":"(anonymous_3)","decl":{"start":{"line":46,"column":12},"end":{"line":46,"column":null}},"loc":{"start":{"line":46,"column":12},"end":{"line":62,"column":5}}},"3":{"name":"(anonymous_4)","decl":{"start":{"line":50,"column":28},"end":{"line":50,"column":29}},"loc":{"start":{"line":50,"column":29},"end":{"line":59,"column":null}}},"4":{"name":"(anonymous_5)","decl":{"start":{"line":52,"column":30},"end":{"line":52,"column":null}},"loc":{"start":{"line":52,"column":30},"end":{"line":56,"column":null}}},"5":{"name":"(anonymous_6)","decl":{"start":{"line":61,"column":11},"end":{"line":61,"column":17}},"loc":{"start":{"line":61,"column":17},"end":{"line":61,"column":null}}},"6":{"name":"(anonymous_7)","decl":{"start":{"line":84,"column":31},"end":{"line":84,"column":32}},"loc":{"start":{"line":85,"column":10},"end":{"line":86,"column":null}}}},"branchMap":{"0":{"loc":{"start":{"line":51,"column":6},"end":{"line":58,"column":null}},"type":"if","locations":[{"start":{"line":51,"column":6},"end":{"line":58,"column":null}}]},"1":{"loc":{"start":{"line":81,"column":28},"end":{"line":81,"column":45}},"type":"cond-expr","locations":[{"start":{"line":81,"column":39},"end":{"line":81,"column":43}},{"start":{"line":81,"column":43},"end":{"line":81,"column":45}}]},"2":{"loc":{"start":{"line":99,"column":9},"end":{"line":99,"column":21}},"type":"binary-expr","locations":[{"start":{"line":99,"column":9},"end":{"line":99,"column":21}}]}},"s":{"0":7,"1":1,"2":1,"3":1,"4":1,"5":1,"6":1,"7":1,"8":1,"9":1,"10":21,"11":21,"12":21,"13":21,"14":21,"15":21,"16":21,"17":21,"18":21,"19":21,"20":21,"21":0,"22":21,"23":14,"24":14,"25":14,"26":1,"27":1,"28":0,"29":0,"30":0,"31":1,"32":14,"33":14,"34":14,"35":84},"f":{"0":21,"1":0,"2":14,"3":1,"4":0,"5":14,"6":84},"b":{"0":[1],"1":[14,7],"2":[21]}}
,"/home/oceanvs/KOVA V4/Etheral_Depth/components/ui/ethereal-spotlight.tsx": {"path":"/home/oceanvs/KOVA V4/Etheral_Depth/components/ui/ethereal-spotlight.tsx","statementMap":{"0":{"start":{"line":11,"column":13},"end":{"line":11,"column":67}},"1":{"start":{"line":4,"column":41},"end":{"line":4,"column":null}},"2":{"start":{"line":11,"column":67},"end":{"line":38,"column":null}}},"fnMap":{"0":{"name":"(anonymous_1)","decl":{"start":{"line":11,"column":67},"end":{"line":11,"column":68}},"loc":{"start":{"line":11,"column":86},"end":{"line":38,"column":null}}}},"branchMap":{},"s":{"0":0,"1":0,"2":0},"f":{"0":0},"b":{}}
,"/home/oceanvs/KOVA V4/Etheral_Depth/components/ui/form.tsx": {"path":"/home/oceanvs/KOVA V4/Etheral_Depth/components/ui/form.tsx","statementMap":{"0":{"start":{"line":171,"column":2},"end":{"line":171,"column":6}},"1":{"start":{"line":174,"column":2},"end":{"line":174,"column":13}},"2":{"start":{"line":175,"column":2},"end":{"line":175,"column":17}},"3":{"start":{"line":177,"column":2},"end":{"line":177,"column":11}},"4":{"start":{"line":172,"column":2},"end":{"line":172,"column":10}},"5":{"start":{"line":173,"column":2},"end":{"line":173,"column":11}},"6":{"start":{"line":176,"column":2},"end":{"line":176,"column":13}},"7":{"start":{"line":170,"column":2},"end":{"line":170,"column":14}},"8":{"start":{"line":3,"column":23},"end":{"line":3,"column":null}},"9":{"start":{"line":5,"column":21},"end":{"line":5,"column":null}},"10":{"start":{"line":13,"column":7},"end":{"line":13,"column":null}},"11":{"start":{"line":15,"column":19},"end":{"line":15,"column":null}},"12":{"start":{"line":16,"column":22},"end":{"line":16,"column":null}},"13":{"start":{"line":18,"column":13},"end":{"line":18,"column":25}},"14":{"start":{"line":27,"column":25},"end":{"line":28,"column":null}},"15":{"start":{"line":31,"column":18},"end":{"line":42,"column":null}},"16":{"start":{"line":44,"column":21},"end":{"line":65,"column":null}},"17":{"start":{"line":45,"column":23},"end":{"line":45,"column":null}},"18":{"start":{"line":46,"column":22},"end":{"line":46,"column":null}},"19":{"start":{"line":47,"column":39},"end":{"line":47,"column":null}},"20":{"start":{"line":49,"column":21},"end":{"line":49,"column":null}},"21":{"start":{"line":51,"column":2},"end":{"line":53,"column":null}},"22":{"start":{"line":52,"column":4},"end":{"line":52,"column":null}},"23":{"start":{"line":55,"column":17},"end":{"line":55,"column":null}},"24":{"start":{"line":57,"column":2},"end":{"line":64,"column":null}},"25":{"start":{"line":71,"column":24},"end":{"line":72,"column":null}},"26":{"start":{"line":75,"column":17},"end":{"line":86,"column":null}},"27":{"start":{"line":79,"column":13},"end":{"line":79,"column":null}},"28":{"start":{"line":87,"column":0},"end":{"line":87,"column":null}},"29":{"start":{"line":89,"column":18},"end":{"line":103,"column":null}},"30":{"start":{"line":93,"column":32},"end":{"line":93,"column":null}},"31":{"start":{"line":104,"column":0},"end":{"line":104,"column":null}},"32":{"start":{"line":106,"column":20},"end":{"line":125,"column":null}},"33":{"start":{"line":110,"column":66},"end":{"line":110,"column":null}},"34":{"start":{"line":126,"column":0},"end":{"line":126,"column":null}},"35":{"start":{"line":128,"column":24},"end":{"line":142,"column":null}},"36":{"start":{"line":132,"column":32},"end":{"line":132,"column":null}},"37":{"start":{"line":143,"column":0},"end":{"line":143,"column":null}},"38":{"start":{"line":145,"column":20},"end":{"line":166,"column":null}},"39":{"start":{"line":149,"column":35},"end":{"line":149,"column":null}},"40":{"start":{"line":150,"column":15},"end":{"line":150,"column":null}},"41":{"start":{"line":152,"column":2},"end":{"line":154,"column":null}},"42":{"start":{"line":153,"column":4},"end":{"line":153,"column":null}},"43":{"start":{"line":167,"column":0},"end":{"line":167,"column":null}}},"fnMap":{"0":{"name":"(anonymous_12)","decl":{"start":{"line":31,"column":18},"end":{"line":31,"column":null}},"loc":{"start":{"line":36,"column":39},"end":{"line":42,"column":null}}},"1":{"name":"(anonymous_13)","decl":{"start":{"line":44,"column":21},"end":{"line":44,"column":null}},"loc":{"start":{"line":44,"column":21},"end":{"line":65,"column":null}}},"2":{"name":"(anonymous_14)","decl":{"start":{"line":78,"column":2},"end":{"line":78,"column":3}},"loc":{"start":{"line":78,"column":28},"end":{"line":86,"column":null}}},"3":{"name":"(anonymous_15)","decl":{"start":{"line":92,"column":2},"end":{"line":92,"column":3}},"loc":{"start":{"line":92,"column":28},"end":{"line":103,"column":null}}},"4":{"name":"(anonymous_16)","decl":{"start":{"line":109,"column":2},"end":{"line":109,"column":3}},"loc":{"start":{"line":109,"column":17},"end":{"line":125,"column":null}}},"5":{"name":"(anonymous_17)","decl":{"start":{"line":131,"column":2},"end":{"line":131,"column":3}},"loc":{"start":{"line":131,"column":28},"end":{"line":142,"column":null}}},"6":{"name":"(anonymous_18)","decl":{"start":{"line":148,"column":2},"end":{"line":148,"column":3}},"loc":{"start":{"line":148,"column":38},"end":{"line":166,"column":null}}}},"branchMap":{"0":{"loc":{"start":{"line":51,"column":2},"end":{"line":53,"column":null}},"type":"if","locations":[{"start":{"line":51,"column":2},"end":{"line":53,"column":null}}]},"1":{"loc":{"start":{"line":98,"column":20},"end":{"line":98,"column":49}},"type":"binary-expr","locations":[{"start":{"line":98,"column":20},"end":{"line":98,"column":29}},{"start":{"line":98,"column":29},"end":{"line":98,"column":49}}]},"2":{"loc":{"start":{"line":117,"column":8},"end":{"line":119,"column":51}},"type":"cond-expr","locations":[{"start":{"line":118,"column":12},"end":{"line":118,"column":34}},{"start":{"line":119,"column":12},"end":{"line":119,"column":51}}]},"3":{"loc":{"start":{"line":150,"column":15},"end":{"line":150,"column":null}},"type":"cond-expr","locations":[{"start":{"line":150,"column":23},"end":{"line":150,"column":48}},{"start":{"line":150,"column":48},"end":{"line":150,"column":null}}]},"4":{"loc":{"start":{"line":152,"column":2},"end":{"line":154,"column":null}},"type":"if","locations":[{"start":{"line":152,"column":2},"end":{"line":154,"column":null}}]}},"s":{"0":0,"1":0,"2":0,"3":0,"4":0,"5":0,"6":0,"7":0,"8":0,"9":0,"10":0,"11":0,"12":0,"13":0,"14":0,"15":0,"16":0,"17":0,"18":0,"19":0,"20":0,"21":0,"22":0,"23":0,"24":0,"25":0,"26":0,"27":0,"28":0,"29":0,"30":0,"31":0,"32":0,"33":0,"34":0,"35":0,"36":0,"37":0,"38":0,"39":0,"40":0,"41":0,"42":0,"43":0},"f":{"0":0,"1":0,"2":0,"3":0,"4":0,"5":0,"6":0},"b":{"0":[0],"1":[0,0],"2":[0,0],"3":[0,0],"4":[0]}}
,"/home/oceanvs/KOVA V4/Etheral_Depth/components/ui/hover-card.tsx": {"path":"/home/oceanvs/KOVA V4/Etheral_Depth/components/ui/hover-card.tsx","statementMap":{"0":{"start":{"line":29,"column":9},"end":{"line":29,"column":18}},"1":{"start":{"line":29,"column":38},"end":{"line":29,"column":54}},"2":{"start":{"line":29,"column":20},"end":{"line":29,"column":36}},"3":{"start":{"line":3,"column":23},"end":{"line":3,"column":null}},"4":{"start":{"line":4,"column":36},"end":{"line":4,"column":null}},"5":{"start":{"line":6,"column":19},"end":{"line":6,"column":null}},"6":{"start":{"line":8,"column":18},"end":{"line":8,"column":41}},"7":{"start":{"line":10,"column":25},"end":{"line":10,"column":51}},"8":{"start":{"line":27,"column":0},"end":{"line":27,"column":null}}},"fnMap":{},"branchMap":{"0":{"loc":{"start":{"line":15,"column":16},"end":{"line":15,"column":32}},"type":"default-arg","locations":[{"start":{"line":15,"column":24},"end":{"line":15,"column":32}}]},"1":{"loc":{"start":{"line":15,"column":34},"end":{"line":15,"column":48}},"type":"default-arg","locations":[{"start":{"line":15,"column":47},"end":{"line":15,"column":48}}]}},"s":{"0":0,"1":0,"2":0,"3":0,"4":0,"5":0,"6":0,"7":0,"8":0},"f":{},"b":{"0":[0],"1":[0]}}
,"/home/oceanvs/KOVA V4/Etheral_Depth/components/ui/input-otp.tsx": {"path":"/home/oceanvs/KOVA V4/Etheral_Depth/components/ui/input-otp.tsx","statementMap":{"0":{"start":{"line":71,"column":9},"end":{"line":71,"column":17}},"1":{"start":{"line":71,"column":19},"end":{"line":71,"column":32}},"2":{"start":{"line":71,"column":48},"end":{"line":71,"column":65}},"3":{"start":{"line":71,"column":34},"end":{"line":71,"column":46}},"4":{"start":{"line":3,"column":23},"end":{"line":3,"column":null}},"5":{"start":{"line":4,"column":42},"end":{"line":4,"column":null}},"6":{"start":{"line":5,"column":20},"end":{"line":5,"column":null}},"7":{"start":{"line":7,"column":19},"end":{"line":7,"column":null}},"8":{"start":{"line":23,"column":0},"end":{"line":23,"column":null}},"9":{"start":{"line":31,"column":0},"end":{"line":31,"column":null}},"10":{"start":{"line":33,"column":21},"end":{"line":58,"column":null}},"11":{"start":{"line":37,"column":26},"end":{"line":37,"column":null}},"12":{"start":{"line":38,"column":43},"end":{"line":38,"column":71}},"13":{"start":{"line":59,"column":0},"end":{"line":59,"column":null}},"14":{"start":{"line":69,"column":0},"end":{"line":69,"column":null}}},"fnMap":{"0":{"name":"(anonymous_10)","decl":{"start":{"line":36,"column":2},"end":{"line":36,"column":3}},"loc":{"start":{"line":36,"column":35},"end":{"line":58,"column":null}}}},"branchMap":{"0":{"loc":{"start":{"line":45,"column":8},"end":{"line":45,"column":null}},"type":"binary-expr","locations":[{"start":{"line":45,"column":8},"end":{"line":45,"column":20}},{"start":{"line":45,"column":20},"end":{"line":45,"column":null}}]},"1":{"loc":{"start":{"line":51,"column":7},"end":{"line":51,"column":null}},"type":"binary-expr","locations":[{"start":{"line":51,"column":7},"end":{"line":51,"column":null}}]}},"s":{"0":0,"1":0,"2":0,"3":0,"4":0,"5":0,"6":0,"7":0,"8":0,"9":0,"10":0,"11":0,"12":0,"13":0,"14":0},"f":{"0":0},"b":{"0":[0,0],"1":[0]}}
[...]
,"/home/oceanvs/KOVA V4/Etheral_Depth/hooks/use-mobile.tsx": {"path":"/home/oceanvs/KOVA V4/Etheral_Depth/hooks/use-mobile.tsx","statementMap":{"0":{"start":{"line":5,"column":16},"end":{"line":5,"column":null}},"1":{"start":{"line":1,"column":23},"end":{"line":1,"column":null}},"2":{"start":{"line":3,"column":26},"end":{"line":3,"column":null}},"3":{"start":{"line":6,"column":34},"end":{"line":6,"column":null}},"4":{"start":{"line":8,"column":2},"end":{"line":16,"column":null}},"5":{"start":{"line":9,"column":16},"end":{"line":9,"column":null}},"6":{"start":{"line":10,"column":21},"end":{"line":12,"column":null}},"7":{"start":{"line":11,"column":6},"end":{"line":11,"column":null}},"8":{"start":{"line":13,"column":4},"end":{"line":13,"column":null}},"9":{"start":{"line":14,"column":4},"end":{"line":14,"column":null}},"10":{"start":{"line":15,"column":4},"end":{"line":15,"column":null}},"11":{"start":{"line":15,"column":17},"end":{"line":15,"column":null}},"12":{"start":{"line":18,"column":2},"end":{"line":18,"column":null}}},"fnMap":{"0":{"name":"useIsMobile","decl":{"start":{"line":5,"column":16},"end":{"line":5,"column":null}},"loc":{"start":{"line":5,"column":16},"end":{"line":19,"column":null}}},"1":{"name":"(anonymous_5)","decl":{"start":{"line":8,"column":18},"end":{"line":8,"column":null}},"loc":{"start":{"line":8,"column":18},"end":{"line":16,"column":5}}},"2":{"name":"(anonymous_6)","decl":{"start":{"line":10,"column":21},"end":{"line":10,"column":null}},"loc":{"start":{"line":10,"column":21},"end":{"line":12,"column":null}}},"3":{"name":"(anonymous_7)","decl":{"start":{"line":15,"column":11},"end":{"line":15,"column":17}},"loc":{"start":{"line":15,"column":17},"end":{"line":15,"column":null}}}},"branchMap":{},"s":{"0":0,"1":0,"2":0,"3":0,"4":0,"5":0,"6":0,"7":0,"8":0,"9":0,"10":0,"11":0,"12":0},"f":{"0":0,"1":0,"2":0,"3":0},"b":{}}
,"/home/oceanvs/KOVA V4/Etheral_Depth/hooks/use-performance.ts": {"path":"/home/oceanvs/KOVA V4/Etheral_Depth/hooks/use-performance.ts","statementMap":{"0":{"start":{"line":11,"column":13},"end":{"line":11,"column":30}},"1":{"start":{"line":3,"column":47},"end":{"line":3,"column":null}},"2":{"start":{"line":11,"column":30},"end":{"line":56,"column":null}},"3":{"start":{"line":12,"column":21},"end":{"line":12,"column":null}},"4":{"start":{"line":13,"column":24},"end":{"line":13,"column":null}},"5":{"start":{"line":14,"column":22},"end":{"line":14,"column":null}},"6":{"start":{"line":15,"column":28},"end":{"line":15,"column":null}},"7":{"start":{"line":17,"column":29},"end":{"line":42,"column":null}},"8":{"start":{"line":18,"column":16},"end":{"line":18,"column":null}},"9":{"start":{"line":19,"column":4},"end":{"line":19,"column":null}},"10":{"start":{"line":22,"column":4},"end":{"line":26,"column":null}},"11":{"start":{"line":23,"column":6},"end":{"line":23,"column":100}},"12":{"start":{"line":24,"column":6},"end":{"line":24,"column":null}},"13":{"start":{"line":25,"column":6},"end":{"line":25,"column":null}},"14":{"start":{"line":29,"column":4},"end":{"line":32,"column":null}},"15":{"start":{"line":30,"column":25},"end":{"line":30,"column":52}},"16":{"start":{"line":35,"column":24},"end":{"line":35,"column":null}},"17":{"start":{"line":37,"column":4},"end":{"line":39,"column":null}},"18":{"start":{"line":38,"column":6},"end":{"line":38,"column":null}},"19":{"start":{"line":41,"column":4},"end":{"line":41,"column":null}},"20":{"start":{"line":44,"column":2},"end":{"line":51,"column":null}},"21":{"start":{"line":45,"column":4},"end":{"line":45,"column":null}},"22":{"start":{"line":46,"column":4},"end":{"line":50,"column":null}},"23":{"start":{"line":47,"column":6},"end":{"line":49,"column":null}},"24":{"start":{"line":48,"column":8},"end":{"line":48,"column":null}},"25":{"start":{"line":53,"column":21},"end":{"line":53,"column":null}},"26":{"start":{"line":53,"column":40},"end":{"line":53,"column":68}},"27":{"start":{"line":55,"column":2},"end":{"line":55,"column":null}}},"fnMap":{"0":{"name":"(anonymous_1)","decl":{"start":{"line":11,"column":30},"end":{"line":11,"column":null}},"loc":{"start":{"line":11,"column":30},"end":{"line":56,"column":null}}},"1":{"name":"(anonymous_2)","decl":{"start":{"line":17,"column":41},"end":{"line":17,"column":null}},"loc":{"start":{"line":17,"column":41},"end":{"line":42,"column":5}}},"2":{"name":"(anonymous_3)","decl":{"start":{"line":37,"column":24},"end":{"line":37,"column":null}},"loc":{"start":{"line":37,"column":24},"end":{"line":39,"column":7}}},"3":{"name":"(anonymous_4)","decl":{"start":{"line":44,"column":12},"end":{"line":44,"column":null}},"loc":{"start":{"line":44,"column":12},"end":{"line":51,"column":5}}},"4":{"name":"(anonymous_5)","decl":{"start":{"line":46,"column":11},"end":{"line":46,"column":null}},"loc":{"start":{"line":46,"column":11},"end":{"line":50,"column":null}}},"5":{"name":"(anonymous_6)","decl":{"start":{"line":53,"column":33},"end":{"line":53,"column":40}},"loc":{"start":{"line":53,"column":40},"end":{"line":53,"column":68}}}},"branchMap":{"0":{"loc":{"start":{"line":22,"column":4},"end":{"line":26,"column":null}},"type":"if","locations":[{"start":{"line":22,"column":4},"end":{"line":26,"column":null}}]},"1":{"loc":{"start":{"line":29,"column":4},"end":{"line":32,"column":null}},"type":"if","locations":[{"start":{"line":29,"column":4},"end":{"line":32,"column":null}}]},"2":{"loc":{"start":{"line":47,"column":6},"end":{"line":49,"column":null}},"type":"if","locations":[{"start":{"line":47,"column":6},"end":{"line":49,"column":null}}]}},"s":{"0":0,"1":0,"2":0,"3":0,"4":0,"5":0,"6":0,"7":0,"8":0,"9":0,"10":0,"11":0,"12":0,"13":0,"14":0,"15":0,"16":0,"17":0,"18":0,"19":0,"20":0,"21":0,"22":0,"23":0,"24":0,"25":0,"26":0,"27":0},"f":{"0":0,"1":0,"2":0,"3":0,"4":0,"5":0},"b":{"0":[0],"1":[0],"2":[0]}}
,"/home/oceanvs/KOVA V4/Etheral_Depth/hooks/use-reduced-motion.ts": {"path":"/home/oceanvs/KOVA V4/Etheral_Depth/hooks/use-reduced-motion.ts","statementMap":{"0":{"start":{"line":5,"column":13},"end":{"line":5,"column":32}},"1":{"start":{"line":3,"column":36},"end":{"line":3,"column":null}},"2":{"start":{"line":5,"column":32},"end":{"line":23,"column":null}},"3":{"start":{"line":6,"column":58},"end":{"line":6,"column":null}},"4":{"start":{"line":8,"column":2},"end":{"line":20,"column":null}},"5":{"start":{"line":9,"column":4},"end":{"line":9,"column":null}},"6":{"start":{"line":9,"column":39},"end":{"line":9,"column":null}},"7":{"start":{"line":11,"column":23},"end":{"line":11,"column":null}},"8":{"start":{"line":12,"column":4},"end":{"line":12,"column":null}},"9":{"start":{"line":14,"column":25},"end":{"line":16,"column":null}},"10":{"start":{"line":15,"column":6},"end":{"line":15,"column":null}},"11":{"start":{"line":18,"column":4},"end":{"line":18,"column":null}},"12":{"start":{"line":19,"column":4},"end":{"line":19,"column":null}},"13":{"start":{"line":19,"column":17},"end":{"line":19,"column":null}},"14":{"start":{"line":22,"column":2},"end":{"line":22,"column":null}}},"fnMap":{"0":{"name":"(anonymous_1)","decl":{"start":{"line":5,"column":32},"end":{"line":5,"column":null}},"loc":{"start":{"line":5,"column":32},"end":{"line":23,"column":null}}},"1":{"name":"(anonymous_2)","decl":{"start":{"line":8,"column":12},"end":{"line":8,"column":null}},"loc":{"start":{"line":8,"column":12},"end":{"line":20,"column":5}}},"2":{"name":"(anonymous_3)","decl":{"start":{"line":14,"column":25},"end":{"line":14,"column":26}},"loc":{"start":{"line":14,"column":26},"end":{"line":16,"column":null}}},"3":{"name":"(anonymous_4)","decl":{"start":{"line":19,"column":11},"end":{"line":19,"column":17}},"loc":{"start":{"line":19,"column":17},"end":{"line":19,"column":null}}}},"branchMap":{"0":{"loc":{"start":{"line":9,"column":4},"end":{"line":9,"column":null}},"type":"if","locations":[{"start":{"line":9,"column":4},"end":{"line":9,"column":null}}]}},"s":{"0":5,"1":1,"2":1,"3":5,"4":5,"5":4,"6":0,"7":4,"8":4,"9":4,"10":0,"11":4,"12":4,"13":4,"14":5},"f":{"0":5,"1":4,"2":0,"3":4},"b":{"0":[0]}}
,"/home/oceanvs/KOVA V4/Etheral_Depth/hooks/use-toast.ts": {"path":"/home/oceanvs/KOVA V4/Etheral_Depth/hooks/use-toast.ts","statementMap":{"0":{"start":{"line":77,"column":13},"end":{"line":77,"column":20}},"1":{"start":{"line":194,"column":19},"end":{"line":194,"column":24}},"2":{"start":{"line":194,"column":9},"end":{"line":194,"column":17}},"3":{"start":{"line":4,"column":23},"end":{"line":4,"column":null}},"4":{"start":{"line":11,"column":20},"end":{"line":11,"column":null}},"5":{"start":{"line":12,"column":27},"end":{"line":12,"column":null}},"6":{"start":{"line":21,"column":20},"end":{"line":26,"column":null}},"7":{"start":{"line":28,"column":12},"end":{"line":28,"column":null}},"8":{"start":{"line":31,"column":2},"end":{"line":31,"column":null}},"9":{"start":{"line":32,"column":2},"end":{"line":32,"column":null}},"10":{"start":{"line":59,"column":22},"end":{"line":59,"column":null}},"11":{"start":{"line":61,"column":25},"end":{"line":75,"column":null}},"12":{"start":{"line":62,"column":2},"end":{"line":64,"column":null}},"13":{"start":{"line":63,"column":4},"end":{"line":63,"column":null}},"14":{"start":{"line":66,"column":18},"end":{"line":72,"column":null}},"15":{"start":{"line":67,"column":4},"end":{"line":67,"column":null}},"16":{"start":{"line":68,"column":4},"end":{"line":71,"column":null}},"17":{"start":{"line":74,"column":2},"end":{"line":74,"column":null}},"18":{"start":{"line":77,"column":23},"end":{"line":130,"column":null}},"19":{"start":{"line":78,"column":2},"end":{"line":129,"column":null}},"20":{"start":{"line":80,"column":6},"end":{"line":83,"column":null}},"21":{"start":{"line":86,"column":6},"end":{"line":91,"column":null}},"22":{"start":{"line":89,"column":10},"end":{"line":89,"column":null}},"23":{"start":{"line":94,"column":26},"end":{"line":94,"column":null}},"24":{"start":{"line":98,"column":6},"end":{"line":104,"column":null}},"25":{"start":{"line":99,"column":8},"end":{"line":99,"column":null}},"26":{"start":{"line":101,"column":8},"end":{"line":103,"column":null}},"27":{"start":{"line":102,"column":10},"end":{"line":102,"column":null}},"28":{"start":{"line":106,"column":6},"end":{"line":116,"column":null}},"29":{"start":{"line":109,"column":10},"end":{"line":114,"column":null}},"30":{"start":{"line":119,"column":6},"end":{"line":124,"column":null}},"31":{"start":{"line":120,"column":8},"end":{"line":123,"column":null}},"32":{"start":{"line":125,"column":6},"end":{"line":128,"column":null}},"33":{"start":{"line":127,"column":43},"end":{"line":127,"column":66}},"34":{"start":{"line":132,"column":49},"end":{"line":132,"column":51}},"35":{"start":{"line":134,"column":25},"end":{"line":134,"column":null}},"36":{"start":{"line":137,"column":2},"end":{"line":137,"column":null}},"37":{"start":{"line":138,"column":2},"end":{"line":140,"column":null}},"38":{"start":{"line":139,"column":4},"end":{"line":139,"column":null}},"39":{"start":{"line":146,"column":13},"end":{"line":146,"column":null}},"40":{"start":{"line":148,"column":17},"end":{"line":152,"column":null}},"41":{"start":{"line":149,"column":4},"end":{"line":152,"column":null}},"42":{"start":{"line":153,"column":18},"end":{"line":153,"column":null}},"43":{"start":{"line":153,"column":24},"end":{"line":153,"column":null}},"44":{"start":{"line":155,"column":2},"end":{"line":165,"column":null}},"45":{"start":{"line":162,"column":8},"end":{"line":162,"column":null}},"46":{"start":{"line":162,"column":19},"end":{"line":162,"column":null}},"47":{"start":{"line":167,"column":2},"end":{"line":171,"column":null}},"48":{"start":{"line":175,"column":28},"end":{"line":175,"column":null}},"49":{"start":{"line":177,"column":2},"end":{"line":185,"column":null}},"50":{"start":{"line":178,"column":4},"end":{"line":178,"column":null}},"51":{"start":{"line":179,"column":4},"end":{"line":184,"column":null}},"52":{"start":{"line":180,"column":20},"end":{"line":180,"column":null}},"53":{"start":{"line":181,"column":6},"end":{"line":183,"column":null}},"54":{"start":{"line":182,"column":8},"end":{"line":182,"column":null}},"55":{"start":{"line":187,"column":2},"end":{"line":191,"column":null}},"56":{"start":{"line":190,"column":35},"end":{"line":190,"column":null}}},"fnMap":{"0":{"name":"genId","decl":{"start":{"line":30,"column":9},"end":{"line":30,"column":null}},"loc":{"start":{"line":30,"column":9},"end":{"line":33,"column":null}}},"1":{"name":"(anonymous_8)","decl":{"start":{"line":61,"column":25},"end":{"line":61,"column":26}},"loc":{"start":{"line":61,"column":26},"end":{"line":75,"column":null}}},"2":{"name":"(anonymous_9)","decl":{"start":{"line":66,"column":29},"end":{"line":66,"column":null}},"loc":{"start":{"line":66,"column":29},"end":{"line":72,"column":5}}},"3":{"name":"(anonymous_10)","decl":{"start":{"line":77,"column":23},"end":{"line":77,"column":24}},"loc":{"start":{"line":77,"column":38},"end":{"line":130,"column":null}}},"4":{"name":"(anonymous_11)","decl":{"start":{"line":88,"column":33},"end":{"line":88,"column":34}},"loc":{"start":{"line":89,"column":10},"end":{"line":89,"column":null}}},"5":{"name":"(anonymous_12)","decl":{"start":{"line":101,"column":29},"end":{"line":101,"column":30}},"loc":{"start":{"line":101,"column":30},"end":{"line":103,"column":null}}},"6":{"name":"(anonymous_13)","decl":{"start":{"line":108,"column":33},"end":{"line":108,"column":34}},"loc":{"start":{"line":109,"column":10},"end":{"line":114,"column":null}}},"7":{"name":"(anonymous_14)","decl":{"start":{"line":127,"column":36},"end":{"line":127,"column":37}},"loc":{"start":{"line":127,"column":43},"end":{"line":127,"column":66}}},"8":{"name":"dispatch","decl":{"start":{"line":136,"column":9},"end":{"line":136,"column":18}},"loc":{"start":{"line":136,"column":32},"end":{"line":141,"column":null}}},"9":{"name":"(anonymous_16)","decl":{"start":{"line":138,"column":20},"end":{"line":138,"column":21}},"loc":{"start":{"line":138,"column":21},"end":{"line":140,"column":null}}},"10":{"name":"toast","decl":{"start":{"line":145,"column":9},"end":{"line":145,"column":15}},"loc":{"start":{"line":145,"column":34},"end":{"line":172,"column":null}}},"11":{"name":"(anonymous_18)","decl":{"start":{"line":148,"column":17},"end":{"line":148,"column":18}},"loc":{"start":{"line":149,"column":4},"end":{"line":152,"column":null}}},"12":{"name":"(anonymous_19)","decl":{"start":{"line":153,"column":18},"end":{"line":153,"column":24}},"loc":{"start":{"line":153,"column":24},"end":{"line":153,"column":null}}},"13":{"name":"(anonymous_20)","decl":{"start":{"line":161,"column":20},"end":{"line":161,"column":21}},"loc":{"start":{"line":161,"column":21},"end":{"line":163,"column":null}}},"14":{"name":"useToast","decl":{"start":{"line":174,"column":9},"end":{"line":174,"column":null}},"loc":{"start":{"line":174,"column":9},"end":{"line":192,"column":null}}},"15":{"name":"(anonymous_22)","decl":{"start":{"line":177,"column":18},"end":{"line":177,"column":null}},"loc":{"start":{"line":177,"column":18},"end":{"line":185,"column":5}}},"16":{"name":"(anonymous_23)","decl":{"start":{"line":179,"column":11},"end":{"line":179,"column":null}},"loc":{"start":{"line":179,"column":11},"end":{"line":184,"column":null}}},"17":{"name":"(anonymous_24)","decl":{"start":{"line":190,"column":13},"end":{"line":190,"column":14}},"loc":{"start":{"line":190,"column":35},"end":{"line":190,"column":null}}}},"branchMap":{"0":{"loc":{"start":{"line":62,"column":2},"end":{"line":64,"column":null}},"type":"if","locations":[{"start":{"line":62,"column":2},"end":{"line":64,"column":null}}]},"1":{"loc":{"start":{"line":78,"column":2},"end":{"line":129,"column":null}},"type":"switch","locations":[{"start":{"line":79,"column":4},"end":{"line":83,"column":null}},{"start":{"line":85,"column":4},"end":{"line":91,"column":null}},{"start":{"line":93,"column":4},"end":{"line":117,"column":null}},{"start":{"line":118,"column":4},"end":{"line":128,"column":null}}]},"2":{"loc":{"start":{"line":89,"column":10},"end":{"line":89,"column":null}},"type":"cond-expr","locations":[{"start":{"line":89,"column":37},"end":{"line":89,"column":65}},{"start":{"line":89,"column":65},"end":{"line":89,"column":null}}]},"3":{"loc":{"start":{"line":98,"column":6},"end":{"line":104,"column":null}},"type":"if","locations":[{"start":{"line":98,"column":6},"end":{"line":104,"column":null}},{"start":{"line":100,"column":13},"end":{"line":104,"column":null}}]},"4":{"loc":{"start":{"line":109,"column":10},"end":{"line":114,"column":null}},"type":"cond-expr","locations":[{"start":{"line":110,"column":14},"end":{"line":113,"column":null}},{"start":{"line":114,"column":14},"end":{"line":114,"column":null}}]},"5":{"loc":{"start":{"line":109,"column":10},"end":{"line":109,"column":null}},"type":"binary-expr","locations":[{"start":{"line":109,"column":10},"end":{"line":109,"column":30}},{"start":{"line":109,"column":30},"end":{"line":109,"column":null}}]},"6":{"loc":{"start":{"line":119,"column":6},"end":{"line":124,"column":null}},"type":"if","locations":[{"start":{"line":119,"column":6},"end":{"line":124,"column":null}}]},"7":{"loc":{"start":{"line":162,"column":8},"end":{"line":162,"column":null}},"type":"if","locations":[{"start":{"line":162,"column":8},"end":{"line":162,"column":null}}]},"8":{"loc":{"start":{"line":181,"column":6},"end":{"line":183,"column":null}},"type":"if","locations":[{"start":{"line":181,"column":6},"end":{"line":183,"column":null}}]}},"s":{"0":0,"1":0,"2":0,"3":0,"4":0,"5":0,"6":0,"7":0,"8":0,"9":0,"10":0,"11":0,"12":0,"13":0,"14":0,"15":0,"16":0,"17":0,"18":0,"19":0,"20":0,"21":0,"22":0,"23":0,"24":0,"25":0,"26":0,"27":0,"28":0,"29":0,"30":0,"31":0,"32":0,"33":0,"34":0,"35":0,"36":0,"37":0,"38":0,"39":0,"40":0,"41":0,"42":0,"43":0,"44":0,"45":0,"46":0,"47":0,"48":0,"49":0,"50":0,"51":0,"52":0,"53":0,"54":0,"55":0,"56":0},"f":{"0":0,"1":0,"2":0,"3":0,"4":0,"5":0,"6":0,"7":0,"8":0,"9":0,"10":0,"11":0,"12":0,"13":0,"14":0,"15":0,"16":0,"17":0},"b":{"0":[0],"1":[0,0,0,0],"2":[0,0],"3":[0,0],"4":[0,0],"5":[0,0],"6":[0],"7":[0],"8":[0]}}
,"/home/oceanvs/KOVA V4/Etheral_Depth/lib/utils.ts": {"path":"/home/oceanvs/KOVA V4/Etheral_Depth/lib/utils.ts","statementMap":{"0":{"start":{"line":4,"column":16},"end":{"line":4,"column":19}},"1":{"start":{"line":1,"column":38},"end":{"line":1,"column":null}},"2":{"start":{"line":2,"column":24},"end":{"line":2,"column":null}},"3":{"start":{"line":5,"column":2},"end":{"line":5,"column":null}}},"fnMap":{"0":{"name":"cn","decl":{"start":{"line":4,"column":16},"end":{"line":4,"column":19}},"loc":{"start":{"line":4,"column":42},"end":{"line":6,"column":null}}}},"branchMap":{},"s":{"0":0,"1":0,"2":0,"3":0},"f":{"0":0},"b":{}}
}
